08:00:42 [Skill] INFO  Skill:137 - Connecting to Furhat server on 192.168.0.100:1932
08:00:43 [Actor_theaterSkill] INFO  Actor_theaterSkill:171 - Starting skill
08:01:07 [ErrorLoggingThread] ERROR Actor_theaterSkill:439 - Exception in thread "Actor_theaterSkill" java.lang.StackOverflowError
	at java.lang.Integer.toUnsignedString0(Integer.java:311)
	at java.lang.Integer.toHexString(Integer.java:233)
	at org.apache.logging.log4j.core.selector.ClassLoaderContextSelector.toContextMapKey(ClassLoaderContextSelector.java:175)
	at org.apache.logging.log4j.core.selector.ClassLoaderContextSelector.locateContext(ClassLoaderContextSelector.java:110)
	at org.apache.logging.log4j.core.selector.ClassLoaderContextSelector.getContext(ClassLoaderContextSelector.java:70)
	at org.apache.logging.log4j.core.selector.ClassLoaderContextSelector.getContext(ClassLoaderContextSelector.java:57)
	at org.apache.logging.log4j.core.impl.Log4jContextFactory.getContext(Log4jContextFactory.java:147)
	at org.apache.logging.log4j.core.impl.Log4jContextFactory.getContext(Log4jContextFactory.java:45)
	at org.apache.logging.log4j.LogManager.getContext(LogManager.java:194)
	at org.apache.logging.log4j.LogManager.getLogger(LogManager.java:581)
	at furhatos.util.CommonUtils.getLogger(CommonUtils.java:28)
	at furhatos.flow.kotlin.FlowControlRunner.<init>(FlowControlRunner.kt:35)
	at furhatos.flow.kotlin.FlowControlRunner.<init>(FlowControlRunner.kt:33)
	at furhatos.flow.kotlin.InstantRunner.<init>(InstantRunner.kt:14)
	at furhatos.flow.kotlin.FlowControlRunner.runExitTrigger(FlowControlRunner.kt:118)
	at furhatos.flow.kotlin.FlowControlRunner.goto(FlowControlRunner.kt:106)
	at furhatos.app.actor_theater.flow.InteractionKt$Start$1$4.invoke(interaction.kt:40)
	at furhatos.app.actor_theater.flow.InteractionKt$Start$1$4.invoke(interaction.kt)
	at furhatos.flow.kotlin.InstantRunner.run(InstantRunner.kt:22)
	at furhatos.flow.kotlin.FlowControlRunner.runExitTrigger(FlowControlRunner.kt:118)
	at furhatos.flow.kotlin.FlowControlRunner.goto(FlowControlRunner.kt:106)
	at furhatos.app.actor_theater.flow.InteractionKt$Start$1$4.invoke(interaction.kt:40)
	at furhatos.app.actor_theater.flow.InteractionKt$Start$1$4.invoke(interaction.kt)
	at furhatos.flow.kotlin.InstantRunner.run(InstantRunner.kt:22)
	at furhatos.flow.kotlin.FlowControlRunner.runExitTrigger(FlowControlRunner.kt:118)
	at furhatos.flow.kotlin.FlowControlRunner.goto(FlowControlRunner.kt:106)
	at furhatos.app.actor_theater.flow.InteractionKt$Start$1$4.invoke(interaction.kt:40)
	at furhatos.app.actor_theater.flow.InteractionKt$Start$1$4.invoke(interaction.kt)
	at furhatos.flow.kotlin.InstantRunner.run(InstantRunner.kt:22)
	at furhatos.flow.kotlin.FlowControlRunner.runExitTrigger(FlowControlRunner.kt:118)
	at furhatos.flow.kotlin.FlowControlRunner.goto(FlowControlRunner.kt:106)
	at furhatos.app.actor_theater.flow.InteractionKt$Start$1$4.invoke(interaction.kt:40)
	at furhatos.app.actor_theater.flow.InteractionKt$Start$1$4.invoke(interaction.kt)
	at furhatos.flow.kotlin.InstantRunner.run(InstantRunner.kt:22)
	at furhatos.flow.kotlin.FlowControlRunner.runExitTrigger(FlowControlRunner.kt:118)
	at furhatos.flow.kotlin.FlowControlRunner.goto(FlowControlRunner.kt:106)
	at furhatos.app.actor_theater.flow.InteractionKt$Start$1$4.invoke(interaction.kt:40)
	at furhatos.app.actor_theater.flow.InteractionKt$Start$1$4.invoke(interaction.kt)
	at furhatos.flow.kotlin.InstantRunner.run(InstantRunner.kt:22)
	at furhatos.flow.kotlin.FlowControlRunner.runExitTrigger(FlowControlRunner.kt:118)
	at furhatos.flow.kotlin.FlowControlRunner.goto(FlowControlRunner.kt:106)
	at furhatos.app.actor_theater.flow.InteractionKt$Start$1$4.invoke(interaction.kt:40)
	at furhatos.app.actor_theater.flow.InteractionKt$Start$1$4.invoke(interaction.kt)
	at furhatos.flow.kotlin.InstantRunner.run(InstantRunner.kt:22)
	at furhatos.flow.kotlin.FlowControlRunner.runExitTrigger(FlowControlRunner.kt:118)
	at furhatos.flow.kotlin.FlowControlRunner.goto(FlowControlRunner.kt:106)
	at furhatos.app.actor_theater.flow.InteractionKt$Start$1$4.invoke(interaction.kt:40)
	at furhatos.app.actor_theater.flow.InteractionKt$Start$1$4.invoke(interaction.kt)
	at furhatos.flow.kotlin.InstantRunner.run(InstantRunner.kt:22)
	at furhatos.flow.kotlin.FlowControlRunner.runExitTrigger(FlowControlRunner.kt:118)
	at furhatos.flow.kotlin.FlowControlRunner.goto(FlowControlRunner.kt:106)
	at furhatos.app.actor_theater.flow.InteractionKt$Start$1$4.invoke(interaction.kt:40)
	at furhatos.app.actor_theater.flow.InteractionKt$Start$1$4.invoke(interaction.kt)
	at furhatos.flow.kotlin.InstantRunner.run(InstantRunner.kt:22)
	at furhatos.flow.kotlin.FlowControlRunner.runExitTrigger(FlowControlRunner.kt:118)
	at furhatos.flow.kotlin.FlowControlRunner.goto(FlowControlRunner.kt:106)
	at furhatos.app.actor_theater.flow.InteractionKt$Start$1$4.invoke(interaction.kt:40)
	at furhatos.app.actor_theater.flow.InteractionKt$Start$1$4.invoke(interaction.kt)
	at furhatos.flow.kotlin.InstantRunner.run(InstantRunner.kt:22)
	at furhatos.flow.kotlin.FlowControlRunner.runExitTrigger(FlowControlRunner.kt:118)
	at furhatos.flow.kotlin.FlowControlRunner.goto(FlowControlRunner.kt:106)
	at furhatos.app.actor_theater.flow.InteractionKt$Start$1$4.invoke(interaction.kt:40)
	at furhatos.app.actor_theater.flow.InteractionKt$Start$1$4.invoke(interaction.kt)
	at furhatos.flow.kotlin.InstantRunner.run(InstantRunner.kt:22)
	at furhatos.flow.kotlin.FlowControlRunner.runExitTrigger(FlowControlRunner.kt:118)
	at furhatos.flow.kotlin.FlowControlRunner.goto(FlowControlRunner.kt:106)
	at furhatos.app.actor_theater.flow.InteractionKt$Start$1$4.invoke(interaction.kt:40)
	at furhatos.app.actor_theater.flow.InteractionKt$Start$1$4.invoke(interaction.kt)
	at furhatos.flow.kotlin.InstantRunner.run(InstantRunner.kt:22)
	at furhatos.flow.kotlin.FlowControlRunner.runExitTrigger(FlowControlRunner.kt:118)
	at furhatos.flow.kotlin.FlowControlRunner.goto(FlowControlRunner.kt:106)
	at furhatos.app.actor_theater.flow.InteractionKt$Start$1$4.invoke(interaction.kt:40)
	at furhatos.app.actor_theater.flow.InteractionKt$Start$1$4.invoke(interaction.kt)
	at furhatos.flow.kotlin.InstantRunner.run(InstantRunner.kt:22)
	at furhatos.flow.kotlin.FlowControlRunner.runExitTrigger(FlowControlRunner.kt:118)
	at furhatos.flow.kotlin.FlowControlRunner.goto(FlowControlRunner.kt:106)
	at furhatos.app.actor_theater.flow.InteractionKt$Start$1$4.invoke(interaction.kt:40)
	at furhatos.app.actor_theater.flow.InteractionKt$Start$1$4.invoke(interaction.kt)
	at furhatos.flow.kotlin.InstantRunner.run(InstantRunner.kt:22)
	at furhatos.flow.kotlin.FlowControlRunner.runExitTrigger(FlowControlRunner.kt:118)
	at furhatos.flow.kotlin.FlowControlRunner.goto(FlowControlRunner.kt:106)
	at furhatos.app.actor_theater.flow.InteractionKt$Start$1$4.invoke(interaction.kt:40)
	at furhatos.app.actor_theater.flow.InteractionKt$Start$1$4.invoke(interaction.kt)
	at furhatos.flow.kotlin.InstantRunner.run(InstantRunner.kt:22)
	at furhatos.flow.kotlin.FlowControlRunner.runExitTrigger(FlowControlRunner.kt:118)
	at furhatos.flow.kotlin.FlowControlRunner.goto(FlowControlRunner.kt:106)
	at furhatos.app.actor_theater.flow.InteractionKt$Start$1$4.invoke(interaction.kt:40)
	at furhatos.app.actor_theater.flow.InteractionKt$Start$1$4.invoke(interaction.kt)
	at furhatos.flow.kotlin.InstantRunner.run(InstantRunner.kt:22)
	at furhatos.flow.kotlin.FlowControlRunner.runExitTrigger(FlowControlRunner.kt:118)
	at furhatos.flow.kotlin.FlowControlRunner.goto(FlowControlRunner.kt:106)
	at furhatos.app.actor_theater.flow.InteractionKt$Start$1$4.invoke(interaction.kt:40)
	at furhatos.app.actor_theater.flow.InteractionKt$Start$1$4.invoke(interaction.kt)
	at furhatos.flow.kotlin.InstantRunner.run(InstantRunner.kt:22)
	at furhatos.flow.kotlin.FlowControlRunner.runExitTrigger(FlowControlRunner.kt:118)
	at furhatos.flow.kotlin.FlowControlRunner.goto(FlowControlRunner.kt:106)
	at furhatos.app.actor_theater.flow.InteractionKt$Start$1$4.invoke(interaction.kt:40)
	at furhatos.app.actor_theater.flow.InteractionKt$Start$1$4.invoke(interaction.kt)
	at furhatos.flow.kotlin.InstantRunner.run(InstantRunner.kt:22)
	at furhatos.flow.kotlin.FlowControlRunner.runExitTrigger(FlowControlRunner.kt:118)
	at furhatos.flow.kotlin.FlowControlRunner.goto(FlowControlRunner.kt:106)
	at furhatos.app.actor_theater.flow.InteractionKt$Start$1$4.invoke(interaction.kt:40)
	at furhatos.app.actor_theater.flow.InteractionKt$Start$1$4.invoke(interaction.kt)
	at furhatos.flow.kotlin.InstantRunner.run(InstantRunner.kt:22)
	at furhatos.flow.kotlin.FlowControlRunner.runExitTrigger(FlowControlRunner.kt:118)
	at furhatos.flow.kotlin.FlowControlRunner.goto(FlowControlRunner.kt:106)
	at furhatos.app.actor_theater.flow.InteractionKt$Start$1$4.invoke(interaction.kt:40)
	at furhatos.app.actor_theater.flow.InteractionKt$Start$1$4.invoke(interaction.kt)
	at furhatos.flow.kotlin.InstantRunner.run(InstantRunner.kt:22)
	at furhatos.flow.kotlin.FlowControlRunner.runExitTrigger(FlowControlRunner.kt:118)
	at furhatos.flow.kotlin.FlowControlRunner.goto(FlowControlRunner.kt:106)
	at furhatos.app.actor_theater.flow.InteractionKt$Start$1$4.invoke(interaction.kt:40)
	at furhatos.app.actor_theater.flow.InteractionKt$Start$1$4.invoke(interaction.kt)
	at furhatos.flow.kotlin.InstantRunner.run(InstantRunner.kt:22)
	at furhatos.flow.kotlin.FlowControlRunner.runExitTrigger(FlowControlRunner.kt:118)
	at furhatos.flow.kotlin.FlowControlRunner.goto(FlowControlRunner.kt:106)
	at furhatos.app.actor_theater.flow.InteractionKt$Start$1$4.invoke(interaction.kt:40)
	at furhatos.app.actor_theater.flow.InteractionKt$Start$1$4.invoke(interaction.kt)
	at furhatos.flow.kotlin.InstantRunner.run(InstantRunner.kt:22)
	at furhatos.flow.kotlin.FlowControlRunner.runExitTrigger(FlowControlRunner.kt:118)
	at furhatos.flow.kotlin.FlowControlRunner.goto(FlowControlRunner.kt:106)
	at furhatos.app.actor_theater.flow.InteractionKt$Start$1$4.invoke(interaction.kt:40)
	at furhatos.app.actor_theater.flow.InteractionKt$Start$1$4.invoke(interaction.kt)
	at furhatos.flow.kotlin.InstantRunner.run(InstantRunner.kt:22)
	at furhatos.flow.kotlin.FlowControlRunner.runExitTrigger(FlowControlRunner.kt:118)
	at furhatos.flow.kotlin.FlowControlRunner.goto(FlowControlRunner.kt:106)
	at furhatos.app.actor_theater.flow.InteractionKt$Start$1$4.invoke(interaction.kt:40)
	at furhatos.app.actor_theater.flow.InteractionKt$Start$1$4.invoke(interaction.kt)
	at furhatos.flow.kotlin.InstantRunner.run(InstantRunner.kt:22)
	at furhatos.flow.kotlin.FlowControlRunner.runExitTrigger(FlowControlRunner.kt:118)
	at furhatos.flow.kotlin.FlowControlRunner.goto(FlowControlRunner.kt:106)
	at furhatos.app.actor_theater.flow.InteractionKt$Start$1$4.invoke(interaction.kt:40)
	at furhatos.app.actor_theater.flow.InteractionKt$Start$1$4.invoke(interaction.kt)
	at furhatos.flow.kotlin.InstantRunner.run(InstantRunner.kt:22)
	at furhatos.flow.kotlin.FlowControlRunner.runExitTrigger(FlowControlRunner.kt:118)
	at furhatos.flow.kotlin.FlowControlRunner.goto(FlowControlRunner.kt:106)
	at furhatos.app.actor_theater.flow.InteractionKt$Start$1$4.invoke(interaction.kt:40)
	at furhatos.app.actor_theater.flow.InteractionKt$Start$1$4.invoke(interaction.kt)
	at furhatos.flow.kotlin.InstantRunner.run(InstantRunner.kt:22)
	at furhatos.flow.kotlin.FlowControlRunner.runExitTrigger(FlowControlRunner.kt:118)
	at furhatos.flow.kotlin.FlowControlRunner.goto(FlowControlRunner.kt:106)
	at furhatos.app.actor_theater.flow.InteractionKt$Start$1$4.invoke(interaction.kt:40)
	at furhatos.app.actor_theater.flow.InteractionKt$Start$1$4.invoke(interaction.kt)
	at furhatos.flow.kotlin.InstantRunner.run(InstantRunner.kt:22)
	at furhatos.flow.kotlin.FlowControlRunner.runExitTrigger(FlowControlRunner.kt:118)
	at furhatos.flow.kotlin.FlowControlRunner.goto(FlowControlRunner.kt:106)
	at furhatos.app.actor_theater.flow.InteractionKt$Start$1$4.invoke(interaction.kt:40)
	at furhatos.app.actor_theater.flow.InteractionKt$Start$1$4.invoke(interaction.kt)
	at furhatos.flow.kotlin.InstantRunner.run(InstantRunner.kt:22)
	at furhatos.flow.kotlin.FlowControlRunner.runExitTrigger(FlowControlRunner.kt:118)
	at furhatos.flow.kotlin.FlowControlRunner.goto(FlowControlRunner.kt:106)
	at furhatos.app.actor_theater.flow.InteractionKt$Start$1$4.invoke(interaction.kt:40)
	at furhatos.app.actor_theater.flow.InteractionKt$Start$1$4.invoke(interaction.kt)
	at furhatos.flow.kotlin.InstantRunner.run(InstantRunner.kt:22)
	at furhatos.flow.kotlin.FlowControlRunner.runExitTrigger(FlowControlRunner.kt:118)
	at furhatos.flow.kotlin.FlowControlRunner.goto(FlowControlRunner.kt:106)
	at furhatos.app.actor_theater.flow.InteractionKt$Start$1$4.invoke(interaction.kt:40)
	at furhatos.app.actor_theater.flow.InteractionKt$Start$1$4.invoke(interaction.kt)
	at furhatos.flow.kotlin.InstantRunner.run(InstantRunner.kt:22)
	at furhatos.flow.kotlin.FlowControlRunner.runExitTrigger(FlowControlRunner.kt:118)
	at furhatos.flow.kotlin.FlowControlRunner.goto(FlowControlRunner.kt:106)
	at furhatos.app.actor_theater.flow.InteractionKt$Start$1$4.invoke(interaction.kt:40)
	at furhatos.app.actor_theater.flow.InteractionKt$Start$1$4.invoke(interaction.kt)
	at furhatos.flow.kotlin.InstantRunner.run(InstantRunner.kt:22)
	at furhatos.flow.kotlin.FlowControlRunner.runExitTrigger(FlowControlRunner.kt:118)
	at furhatos.flow.kotlin.FlowControlRunner.goto(FlowControlRunner.kt:106)
	at furhatos.app.actor_theater.flow.InteractionKt$Start$1$4.invoke(interaction.kt:40)
	at furhatos.app.actor_theater.flow.InteractionKt$Start$1$4.invoke(interaction.kt)
	at furhatos.flow.kotlin.InstantRunner.run(InstantRunner.kt:22)
	at furhatos.flow.kotlin.FlowControlRunner.runExitTrigger(FlowControlRunner.kt:118)
	at furhatos.flow.kotlin.FlowControlRunner.goto(FlowControlRunner.kt:106)
	at furhatos.app.actor_theater.flow.InteractionKt$Start$1$4.invoke(interaction.kt:40)
	at furhatos.app.actor_theater.flow.InteractionKt$Start$1$4.invoke(interaction.kt)
	at furhatos.flow.kotlin.InstantRunner.run(InstantRunner.kt:22)
	at furhatos.flow.kotlin.FlowControlRunner.runExitTrigger(FlowControlRunner.kt:118)
	at furhatos.flow.kotlin.FlowControlRunner.goto(FlowControlRunner.kt:106)
	at furhatos.app.actor_theater.flow.InteractionKt$Start$1$4.invoke(interaction.kt:40)
	at furhatos.app.actor_theater.flow.InteractionKt$Start$1$4.invoke(interaction.kt)
	at furhatos.flow.kotlin.InstantRunner.run(InstantRunner.kt:22)
	at furhatos.flow.kotlin.FlowControlRunner.runExitTrigger(FlowControlRunner.kt:118)
	at furhatos.flow.kotlin.FlowControlRunner.goto(FlowControlRunner.kt:106)
	at furhatos.app.actor_theater.flow.InteractionKt$Start$1$4.invoke(interaction.kt:40)
	at furhatos.app.actor_theater.flow.InteractionKt$Start$1$4.invoke(interaction.kt)
	at furhatos.flow.kotlin.InstantRunner.run(InstantRunner.kt:22)
	at furhatos.flow.kotlin.FlowControlRunner.runExitTrigger(FlowControlRunner.kt:118)
	at furhatos.flow.kotlin.FlowControlRunner.goto(FlowControlRunner.kt:106)
	at furhatos.app.actor_theater.flow.InteractionKt$Start$1$4.invoke(interaction.kt:40)
	at furhatos.app.actor_theater.flow.InteractionKt$Start$1$4.invoke(interaction.kt)
	at furhatos.flow.kotlin.InstantRunner.run(InstantRunner.kt:22)
	at furhatos.flow.kotlin.FlowControlRunner.runExitTrigger(FlowControlRunner.kt:118)
	at furhatos.flow.kotlin.FlowControlRunner.goto(FlowControlRunner.kt:106)
	at furhatos.app.actor_theater.flow.InteractionKt$Start$1$4.invoke(interaction.kt:40)
	at furhatos.app.actor_theater.flow.InteractionKt$Start$1$4.invoke(interaction.kt)
	at furhatos.flow.kotlin.InstantRunner.run(InstantRunner.kt:22)
	at furhatos.flow.kotlin.FlowControlRunner.runExitTrigger(FlowControlRunner.kt:118)
	at furhatos.flow.kotlin.FlowControlRunner.goto(FlowControlRunner.kt:106)
	at furhatos.app.actor_theater.flow.InteractionKt$Start$1$4.invoke(interaction.kt:40)
	at furhatos.app.actor_theater.flow.InteractionKt$Start$1$4.invoke(interaction.kt)
	at furhatos.flow.kotlin.InstantRunner.run(InstantRunner.kt:22)
	at furhatos.flow.kotlin.FlowControlRunner.runExitTrigger(FlowControlRunner.kt:118)
	at furhatos.flow.kotlin.FlowControlRunner.goto(FlowControlRunner.kt:106)
	at furhatos.app.actor_theater.flow.InteractionKt$Start$1$4.invoke(interaction.kt:40)
	at furhatos.app.actor_theater.flow.InteractionKt$Start$1$4.invoke(interaction.kt)
	at furhatos.flow.kotlin.InstantRunner.run(InstantRunner.kt:22)
	at furhatos.flow.kotlin.FlowControlRunner.runExitTrigger(FlowControlRunner.kt:118)
	at furhatos.flow.kotlin.FlowControlRunner.goto(FlowControlRunner.kt:106)
	at furhatos.app.actor_theater.flow.InteractionKt$Start$1$4.invoke(interaction.kt:40)
	at furhatos.app.actor_theater.flow.InteractionKt$Start$1$4.invoke(interaction.kt)
	at furhatos.flow.kotlin.InstantRunner.run(InstantRunner.kt:22)
	at furhatos.flow.kotlin.FlowControlRunner.runExitTrigger(FlowControlRunner.kt:118)
	at furhatos.flow.kotlin.FlowControlRunner.goto(FlowControlRunner.kt:106)
	at furhatos.app.actor_theater.flow.InteractionKt$Start$1$4.invoke(interaction.kt:40)
	at furhatos.app.actor_theater.flow.InteractionKt$Start$1$4.invoke(interaction.kt)
	at furhatos.flow.kotlin.InstantRunner.run(InstantRunner.kt:22)
	at furhatos.flow.kotlin.FlowControlRunner.runExitTrigger(FlowControlRunner.kt:118)
	at furhatos.flow.kotlin.FlowControlRunner.goto(FlowControlRunner.kt:106)
	at furhatos.app.actor_theater.flow.InteractionKt$Start$1$4.invoke(interaction.kt:40)
	at furhatos.app.actor_theater.flow.InteractionKt$Start$1$4.invoke(interaction.kt)
	at furhatos.flow.kotlin.InstantRunner.run(InstantRunner.kt:22)
	at furhatos.flow.kotlin.FlowControlRunner.runExitTrigger(FlowControlRunner.kt:118)
	at furhatos.flow.kotlin.FlowControlRunner.goto(FlowControlRunner.kt:106)
	at furhatos.app.actor_theater.flow.InteractionKt$Start$1$4.invoke(interaction.kt:40)
	at furhatos.app.actor_theater.flow.InteractionKt$Start$1$4.invoke(interaction.kt)
	at furhatos.flow.kotlin.InstantRunner.run(InstantRunner.kt:22)
	at furhatos.flow.kotlin.FlowControlRunner.runExitTrigger(FlowControlRunner.kt:118)
	at furhatos.flow.kotlin.FlowControlRunner.goto(FlowControlRunner.kt:106)
	at furhatos.app.actor_theater.flow.InteractionKt$Start$1$4.invoke(interaction.kt:40)
	at furhatos.app.actor_theater.flow.InteractionKt$Start$1$4.invoke(interaction.kt)
	at furhatos.flow.kotlin.InstantRunner.run(InstantRunner.kt:22)
	at furhatos.flow.kotlin.FlowControlRunner.runExitTrigger(FlowControlRunner.kt:118)
	at furhatos.flow.kotlin.FlowControlRunner.goto(FlowControlRunner.kt:106)
	at furhatos.app.actor_theater.flow.InteractionKt$Start$1$4.invoke(interaction.kt:40)
	at furhatos.app.actor_theater.flow.InteractionKt$Start$1$4.invoke(interaction.kt)
	at furhatos.flow.kotlin.InstantRunner.run(InstantRunner.kt:22)
	at furhatos.flow.kotlin.FlowControlRunner.runExitTrigger(FlowControlRunner.kt:118)
	at furhatos.flow.kotlin.FlowControlRunner.goto(FlowControlRunner.kt:106)
	at furhatos.app.actor_theater.flow.InteractionKt$Start$1$4.invoke(interaction.kt:40)
	at furhatos.app.actor_theater.flow.InteractionKt$Start$1$4.invoke(interaction.kt)
	at furhatos.flow.kotlin.InstantRunner.run(InstantRunner.kt:22)
	at furhatos.flow.kotlin.FlowControlRunner.runExitTrigger(FlowControlRunner.kt:118)
	at furhatos.flow.kotlin.FlowControlRunner.goto(FlowControlRunner.kt:106)
	at furhatos.app.actor_theater.flow.InteractionKt$Start$1$4.invoke(interaction.kt:40)
	at furhatos.app.actor_theater.flow.InteractionKt$Start$1$4.invoke(interaction.kt)
	at furhatos.flow.kotlin.InstantRunner.run(InstantRunner.kt:22)
	at furhatos.flow.kotlin.FlowControlRunner.runExitTrigger(FlowControlRunner.kt:118)
	at furhatos.flow.kotlin.FlowControlRunner.goto(FlowControlRunner.kt:106)
	at furhatos.app.actor_theater.flow.InteractionKt$Start$1$4.invoke(interaction.kt:40)
	at furhatos.app.actor_theater.flow.InteractionKt$Start$1$4.invoke(interaction.kt)
	at furhatos.flow.kotlin.InstantRunner.run(InstantRunner.kt:22)
	at furhatos.flow.kotlin.FlowControlRunner.runExitTrigger(FlowControlRunner.kt:118)
	at furhatos.flow.kotlin.FlowControlRunner.goto(FlowControlRunner.kt:106)
	at furhatos.app.actor_theater.flow.InteractionKt$Start$1$4.invoke(interaction.kt:40)
	at furhatos.app.actor_theater.flow.InteractionKt$Start$1$4.invoke(interaction.kt)
	at furhatos.flow.kotlin.InstantRunner.run(InstantRunner.kt:22)
	at furhatos.flow.kotlin.FlowControlRunner.runExitTrigger(FlowControlRunner.kt:118)
	at furhatos.flow.kotlin.FlowControlRunner.goto(FlowControlRunner.kt:106)
	at furhatos.app.actor_theater.flow.InteractionKt$Start$1$4.invoke(interaction.kt:40)
	at furhatos.app.actor_theater.flow.InteractionKt$Start$1$4.invoke(interaction.kt)
	at furhatos.flow.kotlin.InstantRunner.run(InstantRunner.kt:22)
	at furhatos.flow.kotlin.FlowControlRunner.runExitTrigger(FlowControlRunner.kt:118)
	at furhatos.flow.kotlin.FlowControlRunner.goto(FlowControlRunner.kt:106)
	at furhatos.app.actor_theater.flow.InteractionKt$Start$1$4.invoke(interaction.kt:40)
	at furhatos.app.actor_theater.flow.InteractionKt$Start$1$4.invoke(interaction.kt)
	at furhatos.flow.kotlin.InstantRunner.run(InstantRunner.kt:22)
	at furhatos.flow.kotlin.FlowControlRunner.runExitTrigger(FlowControlRunner.kt:118)
	at furhatos.flow.kotlin.FlowControlRunner.goto(FlowControlRunner.kt:106)
	at furhatos.app.actor_theater.flow.InteractionKt$Start$1$4.invoke(interaction.kt:40)
	at furhatos.app.actor_theater.flow.InteractionKt$Start$1$4.invoke(interaction.kt)
	at furhatos.flow.kotlin.InstantRunner.run(InstantRunner.kt:22)
	at furhatos.flow.kotlin.FlowControlRunner.runExitTrigger(FlowControlRunner.kt:118)
	at furhatos.flow.kotlin.FlowControlRunner.goto(FlowControlRunner.kt:106)
	at furhatos.app.actor_theater.flow.InteractionKt$Start$1$4.invoke(interaction.kt:40)
	at furhatos.app.actor_theater.flow.InteractionKt$Start$1$4.invoke(interaction.kt)
	at furhatos.flow.kotlin.InstantRunner.run(InstantRunner.kt:22)
	at furhatos.flow.kotlin.FlowControlRunner.runExitTrigger(FlowControlRunner.kt:118)
	at furhatos.flow.kotlin.FlowControlRunner.goto(FlowControlRunner.kt:106)
	at furhatos.app.actor_theater.flow.InteractionKt$Start$1$4.invoke(interaction.kt:40)
	at furhatos.app.actor_theater.flow.InteractionKt$Start$1$4.invoke(interaction.kt)
	at furhatos.flow.kotlin.InstantRunner.run(InstantRunner.kt:22)
	at furhatos.flow.kotlin.FlowControlRunner.runExitTrigger(FlowControlRunner.kt:118)
	at furhatos.flow.kotlin.FlowControlRunner.goto(FlowControlRunner.kt:106)
	at furhatos.app.actor_theater.flow.InteractionKt$Start$1$4.invoke(interaction.kt:40)
	at furhatos.app.actor_theater.flow.InteractionKt$Start$1$4.invoke(interaction.kt)
	at furhatos.flow.kotlin.InstantRunner.run(InstantRunner.kt:22)
	at furhatos.flow.kotlin.FlowControlRunner.runExitTrigger(FlowControlRunner.kt:118)
	at furhatos.flow.kotlin.FlowControlRunner.goto(FlowControlRunner.kt:106)
	at furhatos.app.actor_theater.flow.InteractionKt$Start$1$4.invoke(interaction.kt:40)
	at furhatos.app.actor_theater.flow.InteractionKt$Start$1$4.invoke(interaction.kt)
	at furhatos.flow.kotlin.InstantRunner.run(InstantRunner.kt:22)
	at furhatos.flow.kotlin.FlowControlRunner.runExitTrigger(FlowControlRunner.kt:118)
	at furhatos.flow.kotlin.FlowControlRunner.goto(FlowControlRunner.kt:106)
	at furhatos.app.actor_theater.flow.InteractionKt$Start$1$4.invoke(interaction.kt:40)
	at furhatos.app.actor_theater.flow.InteractionKt$Start$1$4.invoke(interaction.kt)
	at furhatos.flow.kotlin.InstantRunner.run(InstantRunner.kt:22)
	at furhatos.flow.kotlin.FlowControlRunner.runExitTrigger(FlowControlRunner.kt:118)
	at furhatos.flow.kotlin.FlowControlRunner.goto(FlowControlRunner.kt:106)
	at furhatos.app.actor_theater.flow.InteractionKt$Start$1$4.invoke(interaction.kt:40)
	at furhatos.app.actor_theater.flow.InteractionKt$Start$1$4.invoke(interaction.kt)
	at furhatos.flow.kotlin.InstantRunner.run(InstantRunner.kt:22)
	at furhatos.flow.kotlin.FlowControlRunner.runExitTrigger(FlowControlRunner.kt:118)
	at furhatos.flow.kotlin.FlowControlRunner.goto(FlowControlRunner.kt:106)
	at furhatos.app.actor_theater.flow.InteractionKt$Start$1$4.invoke(interaction.kt:40)
	at furhatos.app.actor_theater.flow.InteractionKt$Start$1$4.invoke(interaction.kt)
	at furhatos.flow.kotlin.InstantRunner.run(InstantRunner.kt:22)
	at furhatos.flow.kotlin.FlowControlRunner.runExitTrigger(FlowControlRunner.kt:118)
	at furhatos.flow.kotlin.FlowControlRunner.goto(FlowControlRunner.kt:106)
	at furhatos.app.actor_theater.flow.InteractionKt$Start$1$4.invoke(interaction.kt:40)
	at furhatos.app.actor_theater.flow.InteractionKt$Start$1$4.invoke(interaction.kt)
	at furhatos.flow.kotlin.InstantRunner.run(InstantRunner.kt:22)
	at furhatos.flow.kotlin.FlowControlRunner.runExitTrigger(FlowControlRunner.kt:118)
	at furhatos.flow.kotlin.FlowControlRunner.goto(FlowControlRunner.kt:106)
	at furhatos.app.actor_theater.flow.InteractionKt$Start$1$4.invoke(interaction.kt:40)
	at furhatos.app.actor_theater.flow.InteractionKt$Start$1$4.invoke(interaction.kt)
	at furhatos.flow.kotlin.InstantRunner.run(InstantRunner.kt:22)
	at furhatos.flow.kotlin.FlowControlRunner.runExitTrigger(FlowControlRunner.kt:118)
	at furhatos.flow.kotlin.FlowControlRunner.goto(FlowControlRunner.kt:106)
	at furhatos.app.actor_theater.flow.InteractionKt$Start$1$4.invoke(interaction.kt:40)
	at furhatos.app.actor_theater.flow.InteractionKt$Start$1$4.invoke(interaction.kt)
	at furhatos.flow.kotlin.InstantRunner.run(InstantRunner.kt:22)
	at furhatos.flow.kotlin.FlowControlRunner.runExitTrigger(FlowControlRunner.kt:118)
	at furhatos.flow.kotlin.FlowControlRunner.goto(FlowControlRunner.kt:106)
	at furhatos.app.actor_theater.flow.InteractionKt$Start$1$4.invoke(interaction.kt:40)
	at furhatos.app.actor_theater.flow.InteractionKt$Start$1$4.invoke(interaction.kt)
	at furhatos.flow.kotlin.InstantRunner.run(InstantRunner.kt:22)
	at furhatos.flow.kotlin.FlowControlRunner.runExitTrigger(FlowControlRunner.kt:118)
	at furhatos.flow.kotlin.FlowControlRunner.goto(FlowControlRunner.kt:106)
	at furhatos.app.actor_theater.flow.InteractionKt$Start$1$4.invoke(interaction.kt:40)
	at furhatos.app.actor_theater.flow.InteractionKt$Start$1$4.invoke(interaction.kt)
	at furhatos.flow.kotlin.InstantRunner.run(InstantRunner.kt:22)
	at furhatos.flow.kotlin.FlowControlRunner.runExitTrigger(FlowControlRunner.kt:118)
	at furhatos.flow.kotlin.FlowControlRunner.goto(FlowControlRunner.kt:106)
	at furhatos.app.actor_theater.flow.InteractionKt$Start$1$4.invoke(interaction.kt:40)
	at furhatos.app.actor_theater.flow.InteractionKt$Start$1$4.invoke(interaction.kt)
	at furhatos.flow.kotlin.InstantRunner.run(InstantRunner.kt:22)
	at furhatos.flow.kotlin.FlowControlRunner.runExitTrigger(FlowControlRunner.kt:118)
	at furhatos.flow.kotlin.FlowControlRunner.goto(FlowControlRunner.kt:106)
	at furhatos.app.actor_theater.flow.InteractionKt$Start$1$4.invoke(interaction.kt:40)
	at furhatos.app.actor_theater.flow.InteractionKt$Start$1$4.invoke(interaction.kt)
	at furhatos.flow.kotlin.InstantRunner.run(InstantRunner.kt:22)
	at furhatos.flow.kotlin.FlowControlRunner.runExitTrigger(FlowControlRunner.kt:118)
	at furhatos.flow.kotlin.FlowControlRunner.goto(FlowControlRunner.kt:106)
	at furhatos.app.actor_theater.flow.InteractionKt$Start$1$4.invoke(interaction.kt:40)
	at furhatos.app.actor_theater.flow.InteractionKt$Start$1$4.invoke(interaction.kt)
	at furhatos.flow.kotlin.InstantRunner.run(InstantRunner.kt:22)
	at furhatos.flow.kotlin.FlowControlRunner.runExitTrigger(FlowControlRunner.kt:118)
	at furhatos.flow.kotlin.FlowControlRunner.goto(FlowControlRunner.kt:106)
	at furhatos.app.actor_theater.flow.InteractionKt$Start$1$4.invoke(interaction.kt:40)
	at furhatos.app.actor_theater.flow.InteractionKt$Start$1$4.invoke(interaction.kt)
	at furhatos.flow.kotlin.InstantRunner.run(InstantRunner.kt:22)
	at furhatos.flow.kotlin.FlowControlRunner.runExitTrigger(FlowControlRunner.kt:118)
	at furhatos.flow.kotlin.FlowControlRunner.goto(FlowControlRunner.kt:106)
	at furhatos.app.actor_theater.flow.InteractionKt$Start$1$4.invoke(interaction.kt:40)
	at furhatos.app.actor_theater.flow.InteractionKt$Start$1$4.invoke(interaction.kt)
	at furhatos.flow.kotlin.InstantRunner.run(InstantRunner.kt:22)
	at furhatos.flow.kotlin.FlowControlRunner.runExitTrigger(FlowControlRunner.kt:118)
	at furhatos.flow.kotlin.FlowControlRunner.goto(FlowControlRunner.kt:106)
	at furhatos.app.actor_theater.flow.InteractionKt$Start$1$4.invoke(interaction.kt:40)
	at furhatos.app.actor_theater.flow.InteractionKt$Start$1$4.invoke(interaction.kt)
	at furhatos.flow.kotlin.InstantRunner.run(InstantRunner.kt:22)
	at furhatos.flow.kotlin.FlowControlRunner.runExitTrigger(FlowControlRunner.kt:118)
	at furhatos.flow.kotlin.FlowControlRunner.goto(FlowControlRunner.kt:106)
	at furhatos.app.actor_theater.flow.InteractionKt$Start$1$4.invoke(interaction.kt:40)
	at furhatos.app.actor_theater.flow.InteractionKt$Start$1$4.invoke(interaction.kt)
	at furhatos.flow.kotlin.InstantRunner.run(InstantRunner.kt:22)
	at furhatos.flow.kotlin.FlowControlRunner.runExitTrigger(FlowControlRunner.kt:118)
	at furhatos.flow.kotlin.FlowControlRunner.goto(FlowControlRunner.kt:106)
	at furhatos.app.actor_theater.flow.InteractionKt$Start$1$4.invoke(interaction.kt:40)
	at furhatos.app.actor_theater.flow.InteractionKt$Start$1$4.invoke(interaction.kt)
	at furhatos.flow.kotlin.InstantRunner.run(InstantRunner.kt:22)
	at furhatos.flow.kotlin.FlowControlRunner.runExitTrigger(FlowControlRunner.kt:118)
	at furhatos.flow.kotlin.FlowControlRunner.goto(FlowControlRunner.kt:106)
	at furhatos.app.actor_theater.flow.InteractionKt$Start$1$4.invoke(interaction.kt:40)
	at furhatos.app.actor_theater.flow.InteractionKt$Start$1$4.invoke(interaction.kt)
	at furhatos.flow.kotlin.InstantRunner.run(InstantRunner.kt:22)
	at furhatos.flow.kotlin.FlowControlRunner.runExitTrigger(FlowControlRunner.kt:118)
	at furhatos.flow.kotlin.FlowControlRunner.goto(FlowControlRunner.kt:106)
	at furhatos.app.actor_theater.flow.InteractionKt$Start$1$4.invoke(interaction.kt:40)
	at furhatos.app.actor_theater.flow.InteractionKt$Start$1$4.invoke(interaction.kt)
	at furhatos.flow.kotlin.InstantRunner.run(InstantRunner.kt:22)
	at furhatos.flow.kotlin.FlowControlRunner.runExitTrigger(FlowControlRunner.kt:118)
	at furhatos.flow.kotlin.FlowControlRunner.goto(FlowControlRunner.kt:106)
	at furhatos.app.actor_theater.flow.InteractionKt$Start$1$4.invoke(interaction.kt:40)
	at furhatos.app.actor_theater.flow.InteractionKt$Start$1$4.invoke(interaction.kt)
	at furhatos.flow.kotlin.InstantRunner.run(InstantRunner.kt:22)
	at furhatos.flow.kotlin.FlowControlRunner.runExitTrigger(FlowControlRunner.kt:118)
	at furhatos.flow.kotlin.FlowControlRunner.goto(FlowControlRunner.kt:106)
	at furhatos.app.actor_theater.flow.InteractionKt$Start$1$4.invoke(interaction.kt:40)
	at furhatos.app.actor_theater.flow.InteractionKt$Start$1$4.invoke(interaction.kt)
	at furhatos.flow.kotlin.InstantRunner.run(InstantRunner.kt:22)
	at furhatos.flow.kotlin.FlowControlRunner.runExitTrigger(FlowControlRunner.kt:118)
	at furhatos.flow.kotlin.FlowControlRunner.goto(FlowControlRunner.kt:106)
	at furhatos.app.actor_theater.flow.InteractionKt$Start$1$4.invoke(interaction.kt:40)
	at furhatos.app.actor_theater.flow.InteractionKt$Start$1$4.invoke(interaction.kt)
	at furhatos.flow.kotlin.InstantRunner.run(InstantRunner.kt:22)
	at furhatos.flow.kotlin.FlowControlRunner.runExitTrigger(FlowControlRunner.kt:118)
	at furhatos.flow.kotlin.FlowControlRunner.goto(FlowControlRunner.kt:106)
	at furhatos.app.actor_theater.flow.InteractionKt$Start$1$4.invoke(interaction.kt:40)
	at furhatos.app.actor_theater.flow.InteractionKt$Start$1$4.invoke(interaction.kt)
	at furhatos.flow.kotlin.InstantRunner.run(InstantRunner.kt:22)
	at furhatos.flow.kotlin.FlowControlRunner.runExitTrigger(FlowControlRunner.kt:118)
	at furhatos.flow.kotlin.FlowControlRunner.goto(FlowControlRunner.kt:106)
	at furhatos.app.actor_theater.flow.InteractionKt$Start$1$4.invoke(interaction.kt:40)
	at furhatos.app.actor_theater.flow.InteractionKt$Start$1$4.invoke(interaction.kt)
	at furhatos.flow.kotlin.InstantRunner.run(InstantRunner.kt:22)
	at furhatos.flow.kotlin.FlowControlRunner.runExitTrigger(FlowControlRunner.kt:118)
	at furhatos.flow.kotlin.FlowControlRunner.goto(FlowControlRunner.kt:106)
	at furhatos.app.actor_theater.flow.InteractionKt$Start$1$4.invoke(interaction.kt:40)
	at furhatos.app.actor_theater.flow.InteractionKt$Start$1$4.invoke(interaction.kt)
	at furhatos.flow.kotlin.InstantRunner.run(InstantRunner.kt:22)
	at furhatos.flow.kotlin.FlowControlRunner.runExitTrigger(FlowControlRunner.kt:118)
	at furhatos.flow.kotlin.FlowControlRunner.goto(FlowControlRunner.kt:106)
	at furhatos.app.actor_theater.flow.InteractionKt$Start$1$4.invoke(interaction.kt:40)
	at furhatos.app.actor_theater.flow.InteractionKt$Start$1$4.invoke(interaction.kt)
	at furhatos.flow.kotlin.InstantRunner.run(InstantRunner.kt:22)
	at furhatos.flow.kotlin.FlowControlRunner.runExitTrigger(FlowControlRunner.kt:118)
	at furhatos.flow.kotlin.FlowControlRunner.goto(FlowControlRunner.kt:106)
	at furhatos.app.actor_theater.flow.InteractionKt$Start$1$4.invoke(interaction.kt:40)
	at furhatos.app.actor_theater.flow.InteractionKt$Start$1$4.invoke(interaction.kt)
	at furhatos.flow.kotlin.InstantRunner.run(InstantRunner.kt:22)
	at furhatos.flow.kotlin.FlowControlRunner.runExitTrigger(FlowControlRunner.kt:118)
	at furhatos.flow.kotlin.FlowControlRunner.goto(FlowControlRunner.kt:106)
	at furhatos.app.actor_theater.flow.InteractionKt$Start$1$4.invoke(interaction.kt:40)
	at furhatos.app.actor_theater.flow.InteractionKt$Start$1$4.invoke(interaction.kt)
	at furhatos.flow.kotlin.InstantRunner.run(InstantRunner.kt:22)
	at furhatos.flow.kotlin.FlowControlRunner.runExitTrigger(FlowControlRunner.kt:118)
	at furhatos.flow.kotlin.FlowControlRunner.goto(FlowControlRunner.kt:106)
	at furhatos.app.actor_theater.flow.InteractionKt$Start$1$4.invoke(interaction.kt:40)
	at furhatos.app.actor_theater.flow.InteractionKt$Start$1$4.invoke(interaction.kt)
	at furhatos.flow.kotlin.InstantRunner.run(InstantRunner.kt:22)
	at furhatos.flow.kotlin.FlowControlRunner.runExitTrigger(FlowControlRunner.kt:118)
	at furhatos.flow.kotlin.FlowControlRunner.goto(FlowControlRunner.kt:106)
	at furhatos.app.actor_theater.flow.InteractionKt$Start$1$4.invoke(interaction.kt:40)
	at furhatos.app.actor_theater.flow.InteractionKt$Start$1$4.invoke(interaction.kt)
	at furhatos.flow.kotlin.InstantRunner.run(InstantRunner.kt:22)
	at furhatos.flow.kotlin.FlowControlRunner.runExitTrigger(FlowControlRunner.kt:118)
	at furhatos.flow.kotlin.FlowControlRunner.goto(FlowControlRunner.kt:106)
	at furhatos.app.actor_theater.flow.InteractionKt$Start$1$4.invoke(interaction.kt:40)
	at furhatos.app.actor_theater.flow.InteractionKt$Start$1$4.invoke(interaction.kt)
	at furhatos.flow.kotlin.InstantRunner.run(InstantRunner.kt:22)
	at furhatos.flow.kotlin.FlowControlRunner.runExitTrigger(FlowControlRunner.kt:118)
	at furhatos.flow.kotlin.FlowControlRunner.goto(FlowControlRunner.kt:106)
	at furhatos.app.actor_theater.flow.InteractionKt$Start$1$4.invoke(interaction.kt:40)
	at furhatos.app.actor_theater.flow.InteractionKt$Start$1$4.invoke(interaction.kt)
	at furhatos.flow.kotlin.InstantRunner.run(InstantRunner.kt:22)
	at furhatos.flow.kotlin.FlowControlRunner.runExitTrigger(FlowControlRunner.kt:118)
	at furhatos.flow.kotlin.FlowControlRunner.goto(FlowControlRunner.kt:106)
	at furhatos.app.actor_theater.flow.InteractionKt$Start$1$4.invoke(interaction.kt:40)
	at furhatos.app.actor_theater.flow.InteractionKt$Start$1$4.invoke(interaction.kt)
	at furhatos.flow.kotlin.InstantRunner.run(InstantRunner.kt:22)
	at furhatos.flow.kotlin.FlowControlRunner.runExitTrigger(FlowControlRunner.kt:118)
	at furhatos.flow.kotlin.FlowControlRunner.goto(FlowControlRunner.kt:106)
	at furhatos.app.actor_theater.flow.InteractionKt$Start$1$4.invoke(interaction.kt:40)
	at furhatos.app.actor_theater.flow.InteractionKt$Start$1$4.invoke(interaction.kt)
	at furhatos.flow.kotlin.InstantRunner.run(InstantRunner.kt:22)
	at furhatos.flow.kotlin.FlowControlRunner.runExitTrigger(FlowControlRunner.kt:118)
	at furhatos.flow.kotlin.FlowControlRunner.goto(FlowControlRunner.kt:106)
	at furhatos.app.actor_theater.flow.InteractionKt$Start$1$4.invoke(interaction.kt:40)
	at furhatos.app.actor_theater.flow.InteractionKt$Start$1$4.invoke(interaction.kt)
	at furhatos.flow.kotlin.InstantRunner.run(InstantRunner.kt:22)
	at furhatos.flow.kotlin.FlowControlRunner.runExitTrigger(FlowControlRunner.kt:118)
	at furhatos.flow.kotlin.FlowControlRunner.goto(FlowControlRunner.kt:106)
	at furhatos.app.actor_theater.flow.InteractionKt$Start$1$4.invoke(interaction.kt:40)
	at furhatos.app.actor_theater.flow.InteractionKt$Start$1$4.invoke(interaction.kt)
	at furhatos.flow.kotlin.InstantRunner.run(InstantRunner.kt:22)
	at furhatos.flow.kotlin.FlowControlRunner.runExitTrigger(FlowControlRunner.kt:118)
	at furhatos.flow.kotlin.FlowControlRunner.goto(FlowControlRunner.kt:106)
	at furhatos.app.actor_theater.flow.InteractionKt$Start$1$4.invoke(interaction.kt:40)
	at furhatos.app.actor_theater.flow.InteractionKt$Start$1$4.invoke(interaction.kt)
	at furhatos.flow.kotlin.InstantRunner.run(InstantRunner.kt:22)
	at furhatos.flow.kotlin.FlowControlRunner.runExitTrigger(FlowControlRunner.kt:118)
	at furhatos.flow.kotlin.FlowControlRunner.goto(FlowControlRunner.kt:106)
	at furhatos.app.actor_theater.flow.InteractionKt$Start$1$4.invoke(interaction.kt:40)
	at furhatos.app.actor_theater.flow.InteractionKt$Start$1$4.invoke(interaction.kt)
	at furhatos.flow.kotlin.InstantRunner.run(InstantRunner.kt:22)
	at furhatos.flow.kotlin.FlowControlRunner.runExitTrigger(FlowControlRunner.kt:118)
	at furhatos.flow.kotlin.FlowControlRunner.goto(FlowControlRunner.kt:106)
	at furhatos.app.actor_theater.flow.InteractionKt$Start$1$4.invoke(interaction.kt:40)
	at furhatos.app.actor_theater.flow.InteractionKt$Start$1$4.invoke(interaction.kt)
	at furhatos.flow.kotlin.InstantRunner.run(InstantRunner.kt:22)
	at furhatos.flow.kotlin.FlowControlRunner.runExitTrigger(FlowControlRunner.kt:118)
	at furhatos.flow.kotlin.FlowControlRunner.goto(FlowControlRunner.kt:106)
	at furhatos.app.actor_theater.flow.InteractionKt$Start$1$4.invoke(interaction.kt:40)
	at furhatos.app.actor_theater.flow.InteractionKt$Start$1$4.invoke(interaction.kt)
	at furhatos.flow.kotlin.InstantRunner.run(InstantRunner.kt:22)
	at furhatos.flow.kotlin.FlowControlRunner.runExitTrigger(FlowControlRunner.kt:118)
	at furhatos.flow.kotlin.FlowControlRunner.goto(FlowControlRunner.kt:106)
	at furhatos.app.actor_theater.flow.InteractionKt$Start$1$4.invoke(interaction.kt:40)
	at furhatos.app.actor_theater.flow.InteractionKt$Start$1$4.invoke(interaction.kt)
	at furhatos.flow.kotlin.InstantRunner.run(InstantRunner.kt:22)
	at furhatos.flow.kotlin.FlowControlRunner.runExitTrigger(FlowControlRunner.kt:118)
	at furhatos.flow.kotlin.FlowControlRunner.goto(FlowControlRunner.kt:106)
	at furhatos.app.actor_theater.flow.InteractionKt$Start$1$4.invoke(interaction.kt:40)
	at furhatos.app.actor_theater.flow.InteractionKt$Start$1$4.invoke(interaction.kt)
	at furhatos.flow.kotlin.InstantRunner.run(InstantRunner.kt:22)
	at furhatos.flow.kotlin.FlowControlRunner.runExitTrigger(FlowControlRunner.kt:118)
	at furhatos.flow.kotlin.FlowControlRunner.goto(FlowControlRunner.kt:106)
	at furhatos.app.actor_theater.flow.InteractionKt$Start$1$4.invoke(interaction.kt:40)
	at furhatos.app.actor_theater.flow.InteractionKt$Start$1$4.invoke(interaction.kt)
	at furhatos.flow.kotlin.InstantRunner.run(InstantRunner.kt:22)
	at furhatos.flow.kotlin.FlowControlRunner.runExitTrigger(FlowControlRunner.kt:118)
	at furhatos.flow.kotlin.FlowControlRunner.goto(FlowControlRunner.kt:106)
	at furhatos.app.actor_theater.flow.InteractionKt$Start$1$4.invoke(interaction.kt:40)
	at furhatos.app.actor_theater.flow.InteractionKt$Start$1$4.invoke(interaction.kt)
	at furhatos.flow.kotlin.InstantRunner.run(InstantRunner.kt:22)
	at furhatos.flow.kotlin.FlowControlRunner.runExitTrigger(FlowControlRunner.kt:118)
	at furhatos.flow.kotlin.FlowControlRunner.goto(FlowControlRunner.kt:106)
	at furhatos.app.actor_theater.flow.InteractionKt$Start$1$4.invoke(interaction.kt:40)
	at furhatos.app.actor_theater.flow.InteractionKt$Start$1$4.invoke(interaction.kt)
	at furhatos.flow.kotlin.InstantRunner.run(InstantRunner.kt:22)
	at furhatos.flow.kotlin.FlowControlRunner.runExitTrigger(FlowControlRunner.kt:118)
	at furhatos.flow.kotlin.FlowControlRunner.goto(FlowControlRunner.kt:106)
	at furhatos.app.actor_theater.flow.InteractionKt$Start$1$4.invoke(interaction.kt:40)
	at furhatos.app.actor_theater.flow.InteractionKt$Start$1$4.invoke(interaction.kt)
	at furhatos.flow.kotlin.InstantRunner.run(InstantRunner.kt:22)
	at furhatos.flow.kotlin.FlowControlRunner.runExitTrigger(FlowControlRunner.kt:118)
	at furhatos.flow.kotlin.FlowControlRunner.goto(FlowControlRunner.kt:106)
	at furhatos.app.actor_theater.flow.InteractionKt$Start$1$4.invoke(interaction.kt:40)
	at furhatos.app.actor_theater.flow.InteractionKt$Start$1$4.invoke(interaction.kt)
	at furhatos.flow.kotlin.InstantRunner.run(InstantRunner.kt:22)
	at furhatos.flow.kotlin.FlowControlRunner.runExitTrigger(FlowControlRunner.kt:118)
	at furhatos.flow.kotlin.FlowControlRunner.goto(FlowControlRunner.kt:106)
	at furhatos.app.actor_theater.flow.InteractionKt$Start$1$4.invoke(interaction.kt:40)
	at furhatos.app.actor_theater.flow.InteractionKt$Start$1$4.invoke(interaction.kt)
	at furhatos.flow.kotlin.InstantRunner.run(InstantRunner.kt:22)
	at furhatos.flow.kotlin.FlowControlRunner.runExitTrigger(FlowControlRunner.kt:118)
	at furhatos.flow.kotlin.FlowControlRunner.goto(FlowControlRunner.kt:106)
	at furhatos.app.actor_theater.flow.InteractionKt$Start$1$4.invoke(interaction.kt:40)
	at furhatos.app.actor_theater.flow.InteractionKt$Start$1$4.invoke(interaction.kt)
	at furhatos.flow.kotlin.InstantRunner.run(InstantRunner.kt:22)
	at furhatos.flow.kotlin.FlowControlRunner.runExitTrigger(FlowControlRunner.kt:118)
	at furhatos.flow.kotlin.FlowControlRunner.goto(FlowControlRunner.kt:106)
	at furhatos.app.actor_theater.flow.InteractionKt$Start$1$4.invoke(interaction.kt:40)
	at furhatos.app.actor_theater.flow.InteractionKt$Start$1$4.invoke(interaction.kt)
	at furhatos.flow.kotlin.InstantRunner.run(InstantRunner.kt:22)
	at furhatos.flow.kotlin.FlowControlRunner.runExitTrigger(FlowControlRunner.kt:118)
	at furhatos.flow.kotlin.FlowControlRunner.goto(FlowControlRunner.kt:106)
	at furhatos.app.actor_theater.flow.InteractionKt$Start$1$4.invoke(interaction.kt:40)
	at furhatos.app.actor_theater.flow.InteractionKt$Start$1$4.invoke(interaction.kt)
	at furhatos.flow.kotlin.InstantRunner.run(InstantRunner.kt:22)
	at furhatos.flow.kotlin.FlowControlRunner.runExitTrigger(FlowControlRunner.kt:118)
	at furhatos.flow.kotlin.FlowControlRunner.goto(FlowControlRunner.kt:106)
	at furhatos.app.actor_theater.flow.InteractionKt$Start$1$4.invoke(interaction.kt:40)
	at furhatos.app.actor_theater.flow.InteractionKt$Start$1$4.invoke(interaction.kt)
	at furhatos.flow.kotlin.InstantRunner.run(InstantRunner.kt:22)
	at furhatos.flow.kotlin.FlowControlRunner.runExitTrigger(FlowControlRunner.kt:118)
	at furhatos.flow.kotlin.FlowControlRunner.goto(FlowControlRunner.kt:106)
	at furhatos.app.actor_theater.flow.InteractionKt$Start$1$4.invoke(interaction.kt:40)
	at furhatos.app.actor_theater.flow.InteractionKt$Start$1$4.invoke(interaction.kt)
	at furhatos.flow.kotlin.InstantRunner.run(InstantRunner.kt:22)
	at furhatos.flow.kotlin.FlowControlRunner.runExitTrigger(FlowControlRunner.kt:118)
	at furhatos.flow.kotlin.FlowControlRunner.goto(FlowControlRunner.kt:106)
	at furhatos.app.actor_theater.flow.InteractionKt$Start$1$4.invoke(interaction.kt:40)
	at furhatos.app.actor_theater.flow.InteractionKt$Start$1$4.invoke(interaction.kt)
	at furhatos.flow.kotlin.InstantRunner.run(InstantRunner.kt:22)
	at furhatos.flow.kotlin.FlowControlRunner.runExitTrigger(FlowControlRunner.kt:118)
	at furhatos.flow.kotlin.FlowControlRunner.goto(FlowControlRunner.kt:106)
	at furhatos.app.actor_theater.flow.InteractionKt$Start$1$4.invoke(interaction.kt:40)
	at furhatos.app.actor_theater.flow.InteractionKt$Start$1$4.invoke(interaction.kt)
	at furhatos.flow.kotlin.InstantRunner.run(InstantRunner.kt:22)
	at furhatos.flow.kotlin.FlowControlRunner.runExitTrigger(FlowControlRunner.kt:118)
	at furhatos.flow.kotlin.FlowControlRunner.goto(FlowControlRunner.kt:106)
	at furhatos.app.actor_theater.flow.InteractionKt$Start$1$4.invoke(interaction.kt:40)
	at furhatos.app.actor_theater.flow.InteractionKt$Start$1$4.invoke(interaction.kt)
	at furhatos.flow.kotlin.InstantRunner.run(InstantRunner.kt:22)
	at furhatos.flow.kotlin.FlowControlRunner.runExitTrigger(FlowControlRunner.kt:118)
	at furhatos.flow.kotlin.FlowControlRunner.goto(FlowControlRunner.kt:106)
	at furhatos.app.actor_theater.flow.InteractionKt$Start$1$4.invoke(interaction.kt:40)
	at furhatos.app.actor_theater.flow.InteractionKt$Start$1$4.invoke(interaction.kt)
	at furhatos.flow.kotlin.InstantRunner.run(InstantRunner.kt:22)
	at furhatos.flow.kotlin.FlowControlRunner.runExitTrigger(FlowControlRunner.kt:118)
	at furhatos.flow.kotlin.FlowControlRunner.goto(FlowControlRunner.kt:106)
	at furhatos.app.actor_theater.flow.InteractionKt$Start$1$4.invoke(interaction.kt:40)
	at furhatos.app.actor_theater.flow.InteractionKt$Start$1$4.invoke(interaction.kt)
	at furhatos.flow.kotlin.InstantRunner.run(InstantRunner.kt:22)
	at furhatos.flow.kotlin.FlowControlRunner.runExitTrigger(FlowControlRunner.kt:118)
	at furhatos.flow.kotlin.FlowControlRunner.goto(FlowControlRunner.kt:106)
	at furhatos.app.actor_theater.flow.InteractionKt$Start$1$4.invoke(interaction.kt:40)
	at furhatos.app.actor_theater.flow.InteractionKt$Start$1$4.invoke(interaction.kt)
	at furhatos.flow.kotlin.InstantRunner.run(InstantRunner.kt:22)
	at furhatos.flow.kotlin.FlowControlRunner.runExitTrigger(FlowControlRunner.kt:118)
	at furhatos.flow.kotlin.FlowControlRunner.goto(FlowControlRunner.kt:106)
	at furhatos.app.actor_theater.flow.InteractionKt$Start$1$4.invoke(interaction.kt:40)
	at furhatos.app.actor_theater.flow.InteractionKt$Start$1$4.invoke(interaction.kt)
	at furhatos.flow.kotlin.InstantRunner.run(InstantRunner.kt:22)
	at furhatos.flow.kotlin.FlowControlRunner.runExitTrigger(FlowControlRunner.kt:118)
	at furhatos.flow.kotlin.FlowControlRunner.goto(FlowControlRunner.kt:106)
	at furhatos.app.actor_theater.flow.InteractionKt$Start$1$4.invoke(interaction.kt:40)
	at furhatos.app.actor_theater.flow.InteractionKt$Start$1$4.invoke(interaction.kt)
	at furhatos.flow.kotlin.InstantRunner.run(InstantRunner.kt:22)
	at furhatos.flow.kotlin.FlowControlRunner.runExitTrigger(FlowControlRunner.kt:118)
	at furhatos.flow.kotlin.FlowControlRunner.goto(FlowControlRunner.kt:106)
	at furhatos.app.actor_theater.flow.InteractionKt$Start$1$4.invoke(interaction.kt:40)
	at furhatos.app.actor_theater.flow.InteractionKt$Start$1$4.invoke(interaction.kt)
	at furhatos.flow.kotlin.InstantRunner.run(InstantRunner.kt:22)
	at furhatos.flow.kotlin.FlowControlRunner.runExitTrigger(FlowControlRunner.kt:118)
	at furhatos.flow.kotlin.FlowControlRunner.goto(FlowControlRunner.kt:106)
	at furhatos.app.actor_theater.flow.InteractionKt$Start$1$4.invoke(interaction.kt:40)
	at furhatos.app.actor_theater.flow.InteractionKt$Start$1$4.invoke(interaction.kt)
	at furhatos.flow.kotlin.InstantRunner.run(InstantRunner.kt:22)
	at furhatos.flow.kotlin.FlowControlRunner.runExitTrigger(FlowControlRunner.kt:118)
	at furhatos.flow.kotlin.FlowControlRunner.goto(FlowControlRunner.kt:106)
	at furhatos.app.actor_theater.flow.InteractionKt$Start$1$4.invoke(interaction.kt:40)
	at furhatos.app.actor_theater.flow.InteractionKt$Start$1$4.invoke(interaction.kt)
	at furhatos.flow.kotlin.InstantRunner.run(InstantRunner.kt:22)
	at furhatos.flow.kotlin.FlowControlRunner.runExitTrigger(FlowControlRunner.kt:118)
	at furhatos.flow.kotlin.FlowControlRunner.goto(FlowControlRunner.kt:106)
	at furhatos.app.actor_theater.flow.InteractionKt$Start$1$4.invoke(interaction.kt:40)
	at furhatos.app.actor_theater.flow.InteractionKt$Start$1$4.invoke(interaction.kt)
	at furhatos.flow.kotlin.InstantRunner.run(InstantRunner.kt:22)
	at furhatos.flow.kotlin.FlowControlRunner.runExitTrigger(FlowControlRunner.kt:118)
	at furhatos.flow.kotlin.FlowControlRunner.goto(FlowControlRunner.kt:106)
	at furhatos.app.actor_theater.flow.InteractionKt$Start$1$4.invoke(interaction.kt:40)
	at furhatos.app.actor_theater.flow.InteractionKt$Start$1$4.invoke(interaction.kt)
	at furhatos.flow.kotlin.InstantRunner.run(InstantRunner.kt:22)
	at furhatos.flow.kotlin.FlowControlRunner.runExitTrigger(FlowControlRunner.kt:118)
	at furhatos.flow.kotlin.FlowControlRunner.goto(FlowControlRunner.kt:106)
	at furhatos.app.actor_theater.flow.InteractionKt$Start$1$4.invoke(interaction.kt:40)
	at furhatos.app.actor_theater.flow.InteractionKt$Start$1$4.invoke(interaction.kt)
	at furhatos.flow.kotlin.InstantRunner.run(InstantRunner.kt:22)
	at furhatos.flow.kotlin.FlowControlRunner.runExitTrigger(FlowControlRunner.kt:118)
	at furhatos.flow.kotlin.FlowControlRunner.goto(FlowControlRunner.kt:106)
	at furhatos.app.actor_theater.flow.InteractionKt$Start$1$4.invoke(interaction.kt:40)
	at furhatos.app.actor_theater.flow.InteractionKt$Start$1$4.invoke(interaction.kt)
	at furhatos.flow.kotlin.InstantRunner.run(InstantRunner.kt:22)
	at furhatos.flow.kotlin.FlowControlRunner.runExitTrigger(FlowControlRunner.kt:118)
	at furhatos.flow.kotlin.FlowControlRunner.goto(FlowControlRunner.kt:106)
	at furhatos.app.actor_theater.flow.InteractionKt$Start$1$4.invoke(interaction.kt:40)
	at furhatos.app.actor_theater.flow.InteractionKt$Start$1$4.invoke(interaction.kt)
	at furhatos.flow.kotlin.InstantRunner.run(InstantRunner.kt:22)
	at furhatos.flow.kotlin.FlowControlRunner.runExitTrigger(FlowControlRunner.kt:118)
	at furhatos.flow.kotlin.FlowControlRunner.goto(FlowControlRunner.kt:106)
	at furhatos.app.actor_theater.flow.InteractionKt$Start$1$4.invoke(interaction.kt:40)
	at furhatos.app.actor_theater.flow.InteractionKt$Start$1$4.invoke(interaction.kt)
	at furhatos.flow.kotlin.InstantRunner.run(InstantRunner.kt:22)
	at furhatos.flow.kotlin.FlowControlRunner.runExitTrigger(FlowControlRunner.kt:118)
	at furhatos.flow.kotlin.FlowControlRunner.goto(FlowControlRunner.kt:106)
	at furhatos.app.actor_theater.flow.InteractionKt$Start$1$4.invoke(interaction.kt:40)
	at furhatos.app.actor_theater.flow.InteractionKt$Start$1$4.invoke(interaction.kt)
	at furhatos.flow.kotlin.InstantRunner.run(InstantRunner.kt:22)
	at furhatos.flow.kotlin.FlowControlRunner.runExitTrigger(FlowControlRunner.kt:118)
	at furhatos.flow.kotlin.FlowControlRunner.goto(FlowControlRunner.kt:106)
	at furhatos.app.actor_theater.flow.InteractionKt$Start$1$4.invoke(interaction.kt:40)
	at furhatos.app.actor_theater.flow.InteractionKt$Start$1$4.invoke(interaction.kt)
	at furhatos.flow.kotlin.InstantRunner.run(InstantRunner.kt:22)
	at furhatos.flow.kotlin.FlowControlRunner.runExitTrigger(FlowControlRunner.kt:118)
	at furhatos.flow.kotlin.FlowControlRunner.goto(FlowControlRunner.kt:106)
	at furhatos.app.actor_theater.flow.InteractionKt$Start$1$4.invoke(interaction.kt:40)
	at furhatos.app.actor_theater.flow.InteractionKt$Start$1$4.invoke(interaction.kt)
	at furhatos.flow.kotlin.InstantRunner.run(InstantRunner.kt:22)
	at furhatos.flow.kotlin.FlowControlRunner.runExitTrigger(FlowControlRunner.kt:118)
	at furhatos.flow.kotlin.FlowControlRunner.goto(FlowControlRunner.kt:106)
	at furhatos.app.actor_theater.flow.InteractionKt$Start$1$4.invoke(interaction.kt:40)
	at furhatos.app.actor_theater.flow.InteractionKt$Start$1$4.invoke(interaction.kt)
	at furhatos.flow.kotlin.InstantRunner.run(InstantRunner.kt:22)
	at furhatos.flow.kotlin.FlowControlRunner.runExitTrigger(FlowControlRunner.kt:118)
	at furhatos.flow.kotlin.FlowControlRunner.goto(FlowControlRunner.kt:106)
	at furhatos.app.actor_theater.flow.InteractionKt$Start$1$4.invoke(interaction.kt:40)
	at furhatos.app.actor_theater.flow.InteractionKt$Start$1$4.invoke(interaction.kt)
	at furhatos.flow.kotlin.InstantRunner.run(InstantRunner.kt:22)
	at furhatos.flow.kotlin.FlowControlRunner.runExitTrigger(FlowControlRunner.kt:118)
	at furhatos.flow.kotlin.FlowControlRunner.goto(FlowControlRunner.kt:106)
	at furhatos.app.actor_theater.flow.InteractionKt$Start$1$4.invoke(interaction.kt:40)
	at furhatos.app.actor_theater.flow.InteractionKt$Start$1$4.invoke(interaction.kt)
	at furhatos.flow.kotlin.InstantRunner.run(InstantRunner.kt:22)
	at furhatos.flow.kotlin.FlowControlRunner.runExitTrigger(FlowControlRunner.kt:118)
	at furhatos.flow.kotlin.FlowControlRunner.goto(FlowControlRunner.kt:106)
	at furhatos.app.actor_theater.flow.InteractionKt$Start$1$4.invoke(interaction.kt:40)
	at furhatos.app.actor_theater.flow.InteractionKt$Start$1$4.invoke(interaction.kt)
	at furhatos.flow.kotlin.InstantRunner.run(InstantRunner.kt:22)
	at furhatos.flow.kotlin.FlowControlRunner.runExitTrigger(FlowControlRunner.kt:118)
	at furhatos.flow.kotlin.FlowControlRunner.goto(FlowControlRunner.kt:106)
	at furhatos.app.actor_theater.flow.InteractionKt$Start$1$4.invoke(interaction.kt:40)
	at furhatos.app.actor_theater.flow.InteractionKt$Start$1$4.invoke(interaction.kt)
	at furhatos.flow.kotlin.InstantRunner.run(InstantRunner.kt:22)
	at furhatos.flow.kotlin.FlowControlRunner.runExitTrigger(FlowControlRunner.kt:118)
	at furhatos.flow.kotlin.FlowControlRunner.goto(FlowControlRunner.kt:106)
	at furhatos.app.actor_theater.flow.InteractionKt$Start$1$4.invoke(interaction.kt:40)
	at furhatos.app.actor_theater.flow.InteractionKt$Start$1$4.invoke(interaction.kt)
	at furhatos.flow.kotlin.InstantRunner.run(InstantRunner.kt:22)
	at furhatos.flow.kotlin.FlowControlRunner.runExitTrigger(FlowControlRunner.kt:118)
	at furhatos.flow.kotlin.FlowControlRunner.goto(FlowControlRunner.kt:106)
	at furhatos.app.actor_theater.flow.InteractionKt$Start$1$4.invoke(interaction.kt:40)
	at furhatos.app.actor_theater.flow.InteractionKt$Start$1$4.invoke(interaction.kt)
	at furhatos.flow.kotlin.InstantRunner.run(InstantRunner.kt:22)
	at furhatos.flow.kotlin.FlowControlRunner.runExitTrigger(FlowControlRunner.kt:118)
	at furhatos.flow.kotlin.FlowControlRunner.goto(FlowControlRunner.kt:106)
	at furhatos.app.actor_theater.flow.InteractionKt$Start$1$4.invoke(interaction.kt:40)
	at furhatos.app.actor_theater.flow.InteractionKt$Start$1$4.invoke(interaction.kt)
	at furhatos.flow.kotlin.InstantRunner.run(InstantRunner.kt:22)
	at furhatos.flow.kotlin.FlowControlRunner.runExitTrigger(FlowControlRunner.kt:118)
	at furhatos.flow.kotlin.FlowControlRunner.goto(FlowControlRunner.kt:106)
	at furhatos.app.actor_theater.flow.InteractionKt$Start$1$4.invoke(interaction.kt:40)
	at furhatos.app.actor_theater.flow.InteractionKt$Start$1$4.invoke(interaction.kt)
	at furhatos.flow.kotlin.InstantRunner.run(InstantRunner.kt:22)
	at furhatos.flow.kotlin.FlowControlRunner.runExitTrigger(FlowControlRunner.kt:118)
	at furhatos.flow.kotlin.FlowControlRunner.goto(FlowControlRunner.kt:106)
	at furhatos.app.actor_theater.flow.InteractionKt$Start$1$4.invoke(interaction.kt:40)
	at furhatos.app.actor_theater.flow.InteractionKt$Start$1$4.invoke(interaction.kt)
	at furhatos.flow.kotlin.InstantRunner.run(InstantRunner.kt:22)
	at furhatos.flow.kotlin.FlowControlRunner.runExitTrigger(FlowControlRunner.kt:118)
	at furhatos.flow.kotlin.FlowControlRunner.goto(FlowControlRunner.kt:106)
	at furhatos.app.actor_theater.flow.InteractionKt$Start$1$4.invoke(interaction.kt:40)
	at furhatos.app.actor_theater.flow.InteractionKt$Start$1$4.invoke(interaction.kt)
	at furhatos.flow.kotlin.InstantRunner.run(InstantRunner.kt:22)
	at furhatos.flow.kotlin.FlowControlRunner.runExitTrigger(FlowControlRunner.kt:118)
	at furhatos.flow.kotlin.FlowControlRunner.goto(FlowControlRunner.kt:106)
	at furhatos.app.actor_theater.flow.InteractionKt$Start$1$4.invoke(interaction.kt:40)
	at furhatos.app.actor_theater.flow.InteractionKt$Start$1$4.invoke(interaction.kt)
	at furhatos.flow.kotlin.InstantRunner.run(InstantRunner.kt:22)
	at furhatos.flow.kotlin.FlowControlRunner.runExitTrigger(FlowControlRunner.kt:118)
	at furhatos.flow.kotlin.FlowControlRunner.goto(FlowControlRunner.kt:106)
	at furhatos.app.actor_theater.flow.InteractionKt$Start$1$4.invoke(interaction.kt:40)
	at furhatos.app.actor_theater.flow.InteractionKt$Start$1$4.invoke(interaction.kt)
	at furhatos.flow.kotlin.InstantRunner.run(InstantRunner.kt:22)
	at furhatos.flow.kotlin.FlowControlRunner.runExitTrigger(FlowControlRunner.kt:118)
	at furhatos.flow.kotlin.FlowControlRunner.goto(FlowControlRunner.kt:106)
	at furhatos.app.actor_theater.flow.InteractionKt$Start$1$4.invoke(interaction.kt:40)
	at furhatos.app.actor_theater.flow.InteractionKt$Start$1$4.invoke(interaction.kt)
	at furhatos.flow.kotlin.InstantRunner.run(InstantRunner.kt:22)
	at furhatos.flow.kotlin.FlowControlRunner.runExitTrigger(FlowControlRunner.kt:118)
	at furhatos.flow.kotlin.FlowControlRunner.goto(FlowControlRunner.kt:106)
	at furhatos.app.actor_theater.flow.InteractionKt$Start$1$4.invoke(interaction.kt:40)
	at furhatos.app.actor_theater.flow.InteractionKt$Start$1$4.invoke(interaction.kt)
	at furhatos.flow.kotlin.InstantRunner.run(InstantRunner.kt:22)
	at furhatos.flow.kotlin.FlowControlRunner.runExitTrigger(FlowControlRunner.kt:118)
	at furhatos.flow.kotlin.FlowControlRunner.goto(FlowControlRunner.kt:106)
	at furhatos.app.actor_theater.flow.InteractionKt$Start$1$4.invoke(interaction.kt:40)
	at furhatos.app.actor_theater.flow.InteractionKt$Start$1$4.invoke(interaction.kt)
	at furhatos.flow.kotlin.InstantRunner.run(InstantRunner.kt:22)
	at furhatos.flow.kotlin.FlowControlRunner.runExitTrigger(FlowControlRunner.kt:118)
	at furhatos.flow.kotlin.FlowControlRunner.goto(FlowControlRunner.kt:106)
	at furhatos.app.actor_theater.flow.InteractionKt$Start$1$4.invoke(interaction.kt:40)
	at furhatos.app.actor_theater.flow.InteractionKt$Start$1$4.invoke(interaction.kt)
	at furhatos.flow.kotlin.InstantRunner.run(InstantRunner.kt:22)
	at furhatos.flow.kotlin.FlowControlRunner.runExitTrigger(FlowControlRunner.kt:118)
	at furhatos.flow.kotlin.FlowControlRunner.goto(FlowControlRunner.kt:106)
	at furhatos.app.actor_theater.flow.InteractionKt$Start$1$4.invoke(interaction.kt:40)
	at furhatos.app.actor_theater.flow.InteractionKt$Start$1$4.invoke(interaction.kt)
	at furhatos.flow.kotlin.InstantRunner.run(InstantRunner.kt:22)
	at furhatos.flow.kotlin.FlowControlRunner.runExitTrigger(FlowControlRunner.kt:118)
	at furhatos.flow.kotlin.FlowControlRunner.goto(FlowControlRunner.kt:106)
	at furhatos.app.actor_theater.flow.InteractionKt$Start$1$4.invoke(interaction.kt:40)
	at furhatos.app.actor_theater.flow.InteractionKt$Start$1$4.invoke(interaction.kt)
	at furhatos.flow.kotlin.InstantRunner.run(InstantRunner.kt:22)
	at furhatos.flow.kotlin.FlowControlRunner.runExitTrigger(FlowControlRunner.kt:118)
	at furhatos.flow.kotlin.FlowControlRunner.goto(FlowControlRunner.kt:106)
	at furhatos.app.actor_theater.flow.InteractionKt$Start$1$4.invoke(interaction.kt:40)
	at furhatos.app.actor_theater.flow.InteractionKt$Start$1$4.invoke(interaction.kt)
	at furhatos.flow.kotlin.InstantRunner.run(InstantRunner.kt:22)
	at furhatos.flow.kotlin.FlowControlRunner.runExitTrigger(FlowControlRunner.kt:118)
	at furhatos.flow.kotlin.FlowControlRunner.goto(FlowControlRunner.kt:106)
	at furhatos.app.actor_theater.flow.InteractionKt$Start$1$4.invoke(interaction.kt:40)
	at furhatos.app.actor_theater.flow.InteractionKt$Start$1$4.invoke(interaction.kt)
	at furhatos.flow.kotlin.InstantRunner.run(InstantRunner.kt:22)
	at furhatos.flow.kotlin.FlowControlRunner.runExitTrigger(FlowControlRunner.kt:118)
	at furhatos.flow.kotlin.FlowControlRunner.goto(FlowControlRunner.kt:106)
	at furhatos.app.actor_theater.flow.InteractionKt$Start$1$4.invoke(interaction.kt:40)
	at furhatos.app.actor_theater.flow.InteractionKt$Start$1$4.invoke(interaction.kt)
	at furhatos.flow.kotlin.InstantRunner.run(InstantRunner.kt:22)
	at furhatos.flow.kotlin.FlowControlRunner.runExitTrigger(FlowControlRunner.kt:118)
	at furhatos.flow.kotlin.FlowControlRunner.goto(FlowControlRunner.kt:106)
	at furhatos.app.actor_theater.flow.InteractionKt$Start$1$4.invoke(interaction.kt:40)
	at furhatos.app.actor_theater.flow.InteractionKt$Start$1$4.invoke(interaction.kt)
	at furhatos.flow.kotlin.InstantRunner.run(InstantRunner.kt:22)
	at furhatos.flow.kotlin.FlowControlRunner.runExitTrigger(FlowControlRunner.kt:118)
	at furhatos.flow.kotlin.FlowControlRunner.goto(FlowControlRunner.kt:106)
	at furhatos.app.actor_theater.flow.InteractionKt$Start$1$4.invoke(interaction.kt:40)
	at furhatos.app.actor_theater.flow.InteractionKt$Start$1$4.invoke(interaction.kt)
	at furhatos.flow.kotlin.InstantRunner.run(InstantRunner.kt:22)
	at furhatos.flow.kotlin.FlowControlRunner.runExitTrigger(FlowControlRunner.kt:118)
	at furhatos.flow.kotlin.FlowControlRunner.goto(FlowControlRunner.kt:106)
	at furhatos.app.actor_theater.flow.InteractionKt$Start$1$4.invoke(interaction.kt:40)
	at furhatos.app.actor_theater.flow.InteractionKt$Start$1$4.invoke(interaction.kt)
	at furhatos.flow.kotlin.InstantRunner.run(InstantRunner.kt:22)
	at furhatos.flow.kotlin.FlowControlRunner.runExitTrigger(FlowControlRunner.kt:118)
	at furhatos.flow.kotlin.FlowControlRunner.goto(FlowControlRunner.kt:106)
	at furhatos.app.actor_theater.flow.InteractionKt$Start$1$4.invoke(interaction.kt:40)
	at furhatos.app.actor_theater.flow.InteractionKt$Start$1$4.invoke(interaction.kt)
	at furhatos.flow.kotlin.InstantRunner.run(InstantRunner.kt:22)
	at furhatos.flow.kotlin.FlowControlRunner.runExitTrigger(FlowControlRunner.kt:118)
	at furhatos.flow.kotlin.FlowControlRunner.goto(FlowControlRunner.kt:106)
	at furhatos.app.actor_theater.flow.InteractionKt$Start$1$4.invoke(interaction.kt:40)
	at furhatos.app.actor_theater.flow.InteractionKt$Start$1$4.invoke(interaction.kt)
	at furhatos.flow.kotlin.InstantRunner.run(InstantRunner.kt:22)
	at furhatos.flow.kotlin.FlowControlRunner.runExitTrigger(FlowControlRunner.kt:118)
	at furhatos.flow.kotlin.FlowControlRunner.goto(FlowControlRunner.kt:106)
	at furhatos.app.actor_theater.flow.InteractionKt$Start$1$4.invoke(interaction.kt:40)
	at furhatos.app.actor_theater.flow.InteractionKt$Start$1$4.invoke(interaction.kt)
	at furhatos.flow.kotlin.InstantRunner.run(InstantRunner.kt:22)
	at furhatos.flow.kotlin.FlowControlRunner.runExitTrigger(FlowControlRunner.kt:118)
	at furhatos.flow.kotlin.FlowControlRunner.goto(FlowControlRunner.kt:106)
	at furhatos.app.actor_theater.flow.InteractionKt$Start$1$4.invoke(interaction.kt:40)
	at furhatos.app.actor_theater.flow.InteractionKt$Start$1$4.invoke(interaction.kt)
	at furhatos.flow.kotlin.InstantRunner.run(InstantRunner.kt:22)
	at furhatos.flow.kotlin.FlowControlRunner.runExitTrigger(FlowControlRunner.kt:118)
	at furhatos.flow.kotlin.FlowControlRunner.goto(FlowControlRunner.kt:106)
	at furhatos.app.actor_theater.flow.InteractionKt$Start$1$4.invoke(interaction.kt:40)
	at furhatos.app.actor_theater.flow.InteractionKt$Start$1$4.invoke(interaction.kt)
	at furhatos.flow.kotlin.InstantRunner.run(InstantRunner.kt:22)
	at furhatos.flow.kotlin.FlowControlRunner.runExitTrigger(FlowControlRunner.kt:118)
	at furhatos.flow.kotlin.FlowControlRunner.goto(FlowControlRunner.kt:106)
	at furhatos.app.actor_theater.flow.InteractionKt$Start$1$4.invoke(interaction.kt:40)
	at furhatos.app.actor_theater.flow.InteractionKt$Start$1$4.invoke(interaction.kt)
	at furhatos.flow.kotlin.InstantRunner.run(InstantRunner.kt:22)
	at furhatos.flow.kotlin.FlowControlRunner.runExitTrigger(FlowControlRunner.kt:118)
	at furhatos.flow.kotlin.FlowControlRunner.goto(FlowControlRunner.kt:106)
	at furhatos.app.actor_theater.flow.InteractionKt$Start$1$4.invoke(interaction.kt:40)
	at furhatos.app.actor_theater.flow.InteractionKt$Start$1$4.invoke(interaction.kt)
	at furhatos.flow.kotlin.InstantRunner.run(InstantRunner.kt:22)
	at furhatos.flow.kotlin.FlowControlRunner.runExitTrigger(FlowControlRunner.kt:118)
	at furhatos.flow.kotlin.FlowControlRunner.goto(FlowControlRunner.kt:106)
	at furhatos.app.actor_theater.flow.InteractionKt$Start$1$4.invoke(interaction.kt:40)
	at furhatos.app.actor_theater.flow.InteractionKt$Start$1$4.invoke(interaction.kt)
	at furhatos.flow.kotlin.InstantRunner.run(InstantRunner.kt:22)
	at furhatos.flow.kotlin.FlowControlRunner.runExitTrigger(FlowControlRunner.kt:118)
	at furhatos.flow.kotlin.FlowControlRunner.goto(FlowControlRunner.kt:106)
	at furhatos.app.actor_theater.flow.InteractionKt$Start$1$4.invoke(interaction.kt:40)
	at furhatos.app.actor_theater.flow.InteractionKt$Start$1$4.invoke(interaction.kt)
	at furhatos.flow.kotlin.InstantRunner.run(InstantRunner.kt:22)
	at furhatos.flow.kotlin.FlowControlRunner.runExitTrigger(FlowControlRunner.kt:118)
	at furhatos.flow.kotlin.FlowControlRunner.goto(FlowControlRunner.kt:106)
	at furhatos.app.actor_theater.flow.InteractionKt$Start$1$4.invoke(interaction.kt:40)
	at furhatos.app.actor_theater.flow.InteractionKt$Start$1$4.invoke(interaction.kt)
	at furhatos.flow.kotlin.InstantRunner.run(InstantRunner.kt:22)
	at furhatos.flow.kotlin.FlowControlRunner.runExitTrigger(FlowControlRunner.kt:118)
	at furhatos.flow.kotlin.FlowControlRunner.goto(FlowControlRunner.kt:106)
	at furhatos.app.actor_theater.flow.InteractionKt$Start$1$4.invoke(interaction.kt:40)
	at furhatos.app.actor_theater.flow.InteractionKt$Start$1$4.invoke(interaction.kt)
	at furhatos.flow.kotlin.InstantRunner.run(InstantRunner.kt:22)
	at furhatos.flow.kotlin.FlowControlRunner.runExitTrigger(FlowControlRunner.kt:118)
	at furhatos.flow.kotlin.FlowControlRunner.goto(FlowControlRunner.kt:106)
	at furhatos.app.actor_theater.flow.InteractionKt$Start$1$4.invoke(interaction.kt:40)
	at furhatos.app.actor_theater.flow.InteractionKt$Start$1$4.invoke(interaction.kt)
	at furhatos.flow.kotlin.InstantRunner.run(InstantRunner.kt:22)
	at furhatos.flow.kotlin.FlowControlRunner.runExitTrigger(FlowControlRunner.kt:118)
	at furhatos.flow.kotlin.FlowControlRunner.goto(FlowControlRunner.kt:106)
	at furhatos.app.actor_theater.flow.InteractionKt$Start$1$4.invoke(interaction.kt:40)
	at furhatos.app.actor_theater.flow.InteractionKt$Start$1$4.invoke(interaction.kt)
	at furhatos.flow.kotlin.InstantRunner.run(InstantRunner.kt:22)
	at furhatos.flow.kotlin.FlowControlRunner.runExitTrigger(FlowControlRunner.kt:118)
	at furhatos.flow.kotlin.FlowControlRunner.goto(FlowControlRunner.kt:106)
	at furhatos.app.actor_theater.flow.InteractionKt$Start$1$4.invoke(interaction.kt:40)
	at furhatos.app.actor_theater.flow.InteractionKt$Start$1$4.invoke(interaction.kt)
	at furhatos.flow.kotlin.InstantRunner.run(InstantRunner.kt:22)
	at furhatos.flow.kotlin.FlowControlRunner.runExitTrigger(FlowControlRunner.kt:118)
	at furhatos.flow.kotlin.FlowControlRunner.goto(FlowControlRunner.kt:106)
	at furhatos.app.actor_theater.flow.InteractionKt$Start$1$4.invoke(interaction.kt:40)
	at furhatos.app.actor_theater.flow.InteractionKt$Start$1$4.invoke(interaction.kt)
	at furhatos.flow.kotlin.InstantRunner.run(InstantRunner.kt:22)
	at furhatos.flow.kotlin.FlowControlRunner.runExitTrigger(FlowControlRunner.kt:118)
	at furhatos.flow.kotlin.FlowControlRunner.goto(FlowControlRunner.kt:106)
	at furhatos.app.actor_theater.flow.InteractionKt$Start$1$4.invoke(interaction.kt:40)
	at furhatos.app.actor_theater.flow.InteractionKt$Start$1$4.invoke(interaction.kt)
	at furhatos.flow.kotlin.InstantRunner.run(InstantRunner.kt:22)
	at furhatos.flow.kotlin.FlowControlRunner.runExitTrigger(FlowControlRunner.kt:118)
	at furhatos.flow.kotlin.FlowControlRunner.goto(FlowControlRunner.kt:106)
	at furhatos.app.actor_theater.flow.InteractionKt$Start$1$4.invoke(interaction.kt:40)
	at furhatos.app.actor_theater.flow.InteractionKt$Start$1$4.invoke(interaction.kt)
	at furhatos.flow.kotlin.InstantRunner.run(InstantRunner.kt:22)
	at furhatos.flow.kotlin.FlowControlRunner.runExitTrigger(FlowControlRunner.kt:118)
	at furhatos.flow.kotlin.FlowControlRunner.goto(FlowControlRunner.kt:106)
	at furhatos.app.actor_theater.flow.InteractionKt$Start$1$4.invoke(interaction.kt:40)
	at furhatos.app.actor_theater.flow.InteractionKt$Start$1$4.invoke(interaction.kt)
	at furhatos.flow.kotlin.InstantRunner.run(InstantRunner.kt:22)
	at furhatos.flow.kotlin.FlowControlRunner.runExitTrigger(FlowControlRunner.kt:118)
	at furhatos.flow.kotlin.FlowControlRunner.goto(FlowControlRunner.kt:106)
	at furhatos.app.actor_theater.flow.InteractionKt$Start$1$4.invoke(interaction.kt:40)
	at furhatos.app.actor_theater.flow.InteractionKt$Start$1$4.invoke(interaction.kt)
	at furhatos.flow.kotlin.InstantRunner.run(InstantRunner.kt:22)
	at furhatos.flow.kotlin.FlowControlRunner.runExitTrigger(FlowControlRunner.kt:118)
	at furhatos.flow.kotlin.FlowControlRunner.goto(FlowControlRunner.kt:106)
	at furhatos.app.actor_theater.flow.InteractionKt$Start$1$4.invoke(interaction.kt:40)
	at furhatos.app.actor_theater.flow.InteractionKt$Start$1$4.invoke(interaction.kt)
	at furhatos.flow.kotlin.InstantRunner.run(InstantRunner.kt:22)
	at furhatos.flow.kotlin.FlowControlRunner.runExitTrigger(FlowControlRunner.kt:118)
	at furhatos.flow.kotlin.FlowControlRunner.goto(FlowControlRunner.kt:106)
	at furhatos.app.actor_theater.flow.InteractionKt$Start$1$4.invoke(interaction.kt:40)
	at furhatos.app.actor_theater.flow.InteractionKt$Start$1$4.invoke(interaction.kt)
	at furhatos.flow.kotlin.InstantRunner.run(InstantRunner.kt:22)
	at furhatos.flow.kotlin.FlowControlRunner.runExitTrigger(FlowControlRunner.kt:118)
	at furhatos.flow.kotlin.FlowControlRunner.goto(FlowControlRunner.kt:106)
	at furhatos.app.actor_theater.flow.InteractionKt$Start$1$4.invoke(interaction.kt:40)
	at furhatos.app.actor_theater.flow.InteractionKt$Start$1$4.invoke(interaction.kt)
	at furhatos.flow.kotlin.InstantRunner.run(InstantRunner.kt:22)
	at furhatos.flow.kotlin.FlowControlRunner.runExitTrigger(FlowControlRunner.kt:118)
	at furhatos.flow.kotlin.FlowControlRunner.goto(FlowControlRunner.kt:106)
	at furhatos.app.actor_theater.flow.InteractionKt$Start$1$4.invoke(interaction.kt:40)
	at furhatos.app.actor_theater.flow.InteractionKt$Start$1$4.invoke(interaction.kt)
	at furhatos.flow.kotlin.InstantRunner.run(InstantRunner.kt:22)
	at furhatos.flow.kotlin.FlowControlRunner.runExitTrigger(FlowControlRunner.kt:118)
	at furhatos.flow.kotlin.FlowControlRunner.goto(FlowControlRunner.kt:106)
	at furhatos.app.actor_theater.flow.InteractionKt$Start$1$4.invoke(interaction.kt:40)
	at furhatos.app.actor_theater.flow.InteractionKt$Start$1$4.invoke(interaction.kt)
	at furhatos.flow.kotlin.InstantRunner.run(InstantRunner.kt:22)
	at furhatos.flow.kotlin.FlowControlRunner.runExitTrigger(FlowControlRunner.kt:118)
	at furhatos.flow.kotlin.FlowControlRunner.goto(FlowControlRunner.kt:106)
	at furhatos.app.actor_theater.flow.InteractionKt$Start$1$4.invoke(interaction.kt:40)
	at furhatos.app.actor_theater.flow.InteractionKt$Start$1$4.invoke(interaction.kt)
	at furhatos.flow.kotlin.InstantRunner.run(InstantRunner.kt:22)
	at furhatos.flow.kotlin.FlowControlRunner.runExitTrigger(FlowControlRunner.kt:118)
	at furhatos.flow.kotlin.FlowControlRunner.goto(FlowControlRunner.kt:106)
	at furhatos.app.actor_theater.flow.InteractionKt$Start$1$4.invoke(interaction.kt:40)
	at furhatos.app.actor_theater.flow.InteractionKt$Start$1$4.invoke(interaction.kt)
	at furhatos.flow.kotlin.InstantRunner.run(InstantRunner.kt:22)
	at furhatos.flow.kotlin.FlowControlRunner.runExitTrigger(FlowControlRunner.kt:118)
	at furhatos.flow.kotlin.FlowControlRunner.goto(FlowControlRunner.kt:106)
	at furhatos.app.actor_theater.flow.InteractionKt$Start$1$4.invoke(interaction.kt:40)
	at furhatos.app.actor_theater.flow.InteractionKt$Start$1$4.invoke(interaction.kt)
	at furhatos.flow.kotlin.InstantRunner.run(InstantRunner.kt:22)
	at furhatos.flow.kotlin.FlowControlRunner.runExitTrigger(FlowControlRunner.kt:118)
	at furhatos.flow.kotlin.FlowControlRunner.goto(FlowControlRunner.kt:106)
	at furhatos.app.actor_theater.flow.InteractionKt$Start$1$4.invoke(interaction.kt:40)
	at furhatos.app.actor_theater.flow.InteractionKt$Start$1$4.invoke(interaction.kt)
	at furhatos.flow.kotlin.InstantRunner.run(InstantRunner.kt:22)
	at furhatos.flow.kotlin.FlowControlRunner.runExitTrigger(FlowControlRunner.kt:118)
	at furhatos.flow.kotlin.FlowControlRunner.goto(FlowControlRunner.kt:106)
	at furhatos.app.actor_theater.flow.InteractionKt$Start$1$4.invoke(interaction.kt:40)
	at furhatos.app.actor_theater.flow.InteractionKt$Start$1$4.invoke(interaction.kt)
	at furhatos.flow.kotlin.InstantRunner.run(InstantRunner.kt:22)
	at furhatos.flow.kotlin.FlowControlRunner.runExitTrigger(FlowControlRunner.kt:118)
	at furhatos.flow.kotlin.FlowControlRunner.goto(FlowControlRunner.kt:106)
	at furhatos.app.actor_theater.flow.InteractionKt$Start$1$4.invoke(interaction.kt:40)
	at furhatos.app.actor_theater.flow.InteractionKt$Start$1$4.invoke(interaction.kt)
	at furhatos.flow.kotlin.InstantRunner.run(InstantRunner.kt:22)
	at furhatos.flow.kotlin.FlowControlRunner.runExitTrigger(FlowControlRunner.kt:118)
	at furhatos.flow.kotlin.FlowControlRunner.goto(FlowControlRunner.kt:106)
	at furhatos.app.actor_theater.flow.InteractionKt$Start$1$4.invoke(interaction.kt:40)
	at furhatos.app.actor_theater.flow.InteractionKt$Start$1$4.invoke(interaction.kt)
	at furhatos.flow.kotlin.InstantRunner.run(InstantRunner.kt:22)
	at furhatos.flow.kotlin.FlowControlRunner.runExitTrigger(FlowControlRunner.kt:118)
	at furhatos.flow.kotlin.FlowControlRunner.goto(FlowControlRunner.kt:106)
	at furhatos.app.actor_theater.flow.InteractionKt$Start$1$4.invoke(interaction.kt:40)
	at furhatos.app.actor_theater.flow.InteractionKt$Start$1$4.invoke(interaction.kt)
	at furhatos.flow.kotlin.InstantRunner.run(InstantRunner.kt:22)
	at furhatos.flow.kotlin.FlowControlRunner.runExitTrigger(FlowControlRunner.kt:118)
	at furhatos.flow.kotlin.FlowControlRunner.goto(FlowControlRunner.kt:106)
	at furhatos.app.actor_theater.flow.InteractionKt$Start$1$4.invoke(interaction.kt:40)
	at furhatos.app.actor_theater.flow.InteractionKt$Start$1$4.invoke(interaction.kt)
	at furhatos.flow.kotlin.InstantRunner.run(InstantRunner.kt:22)
	at furhatos.flow.kotlin.FlowControlRunner.runExitTrigger(FlowControlRunner.kt:118)
	at furhatos.flow.kotlin.FlowControlRunner.goto(FlowControlRunner.kt:106)
	at furhatos.app.actor_theater.flow.InteractionKt$Start$1$4.invoke(interaction.kt:40)
	at furhatos.app.actor_theater.flow.InteractionKt$Start$1$4.invoke(interaction.kt)
	at furhatos.flow.kotlin.InstantRunner.run(InstantRunner.kt:22)
	at furhatos.flow.kotlin.FlowControlRunner.runExitTrigger(FlowControlRunner.kt:118)
	at furhatos.flow.kotlin.FlowControlRunner.goto(FlowControlRunner.kt:106)
	at furhatos.app.actor_theater.flow.InteractionKt$Start$1$4.invoke(interaction.kt:40)
	at furhatos.app.actor_theater.flow.InteractionKt$Start$1$4.invoke(interaction.kt)
	at furhatos.flow.kotlin.InstantRunner.run(InstantRunner.kt:22)
	at furhatos.flow.kotlin.FlowControlRunner.runExitTrigger(FlowControlRunner.kt:118)
	at furhatos.flow.kotlin.FlowControlRunner.goto(FlowControlRunner.kt:106)
	at furhatos.app.actor_theater.flow.InteractionKt$Start$1$4.invoke(interaction.kt:40)
	at furhatos.app.actor_theater.flow.InteractionKt$Start$1$4.invoke(interaction.kt)
	at furhatos.flow.kotlin.InstantRunner.run(InstantRunner.kt:22)
	at furhatos.flow.kotlin.FlowControlRunner.runExitTrigger(FlowControlRunner.kt:118)
	at furhatos.flow.kotlin.FlowControlRunner.goto(FlowControlRunner.kt:106)
	at furhatos.app.actor_theater.flow.InteractionKt$Start$1$4.invoke(interaction.kt:40)
	at furhatos.app.actor_theater.flow.InteractionKt$Start$1$4.invoke(interaction.kt)
	at furhatos.flow.kotlin.InstantRunner.run(InstantRunner.kt:22)
	at furhatos.flow.kotlin.FlowControlRunner.runExitTrigger(FlowControlRunner.kt:118)
	at furhatos.flow.kotlin.FlowControlRunner.goto(FlowControlRunner.kt:106)
	at furhatos.app.actor_theater.flow.InteractionKt$Start$1$4.invoke(interaction.kt:40)
	at furhatos.app.actor_theater.flow.InteractionKt$Start$1$4.invoke(interaction.kt)
	at furhatos.flow.kotlin.InstantRunner.run(InstantRunner.kt:22)
	at furhatos.flow.kotlin.FlowControlRunner.runExitTrigger(FlowControlRunner.kt:118)
	at furhatos.flow.kotlin.FlowControlRunner.goto(FlowControlRunner.kt:106)
	at furhatos.app.actor_theater.flow.InteractionKt$Start$1$4.invoke(interaction.kt:40)
	at furhatos.app.actor_theater.flow.InteractionKt$Start$1$4.invoke(interaction.kt)
	at furhatos.flow.kotlin.InstantRunner.run(InstantRunner.kt:22)
	at furhatos.flow.kotlin.FlowControlRunner.runExitTrigger(FlowControlRunner.kt:118)
	at furhatos.flow.kotlin.FlowControlRunner.goto(FlowControlRunner.kt:106)
	at furhatos.app.actor_theater.flow.InteractionKt$Start$1$4.invoke(interaction.kt:40)
	at furhatos.app.actor_theater.flow.InteractionKt$Start$1$4.invoke(interaction.kt)
	at furhatos.flow.kotlin.InstantRunner.run(InstantRunner.kt:22)
	at furhatos.flow.kotlin.FlowControlRunner.runExitTrigger(FlowControlRunner.kt:118)
	at furhatos.flow.kotlin.FlowControlRunner.goto(FlowControlRunner.kt:106)
	at furhatos.app.actor_theater.flow.InteractionKt$Start$1$4.invoke(interaction.kt:40)
	at furhatos.app.actor_theater.flow.InteractionKt$Start$1$4.invoke(interaction.kt)
	at furhatos.flow.kotlin.InstantRunner.run(InstantRunner.kt:22)
	at furhatos.flow.kotlin.FlowControlRunner.runExitTrigger(FlowControlRunner.kt:118)
	at furhatos.flow.kotlin.FlowControlRunner.goto(FlowControlRunner.kt:106)
	at furhatos.app.actor_theater.flow.InteractionKt$Start$1$4.invoke(interaction.kt:40)
	at furhatos.app.actor_theater.flow.InteractionKt$Start$1$4.invoke(interaction.kt)
	at furhatos.flow.kotlin.InstantRunner.run(InstantRunner.kt:22)
	at furhatos.flow.kotlin.FlowControlRunner.runExitTrigger(FlowControlRunner.kt:118)
	at furhatos.flow.kotlin.FlowControlRunner.goto(FlowControlRunner.kt:106)
	at furhatos.app.actor_theater.flow.InteractionKt$Start$1$4.invoke(interaction.kt:40)
	at furhatos.app.actor_theater.flow.InteractionKt$Start$1$4.invoke(interaction.kt)
	at furhatos.flow.kotlin.InstantRunner.run(InstantRunner.kt:22)
	at furhatos.flow.kotlin.FlowControlRunner.runExitTrigger(FlowControlRunner.kt:118)
	at furhatos.flow.kotlin.FlowControlRunner.goto(FlowControlRunner.kt:106)
	at furhatos.app.actor_theater.flow.InteractionKt$Start$1$4.invoke(interaction.kt:40)
	at furhatos.app.actor_theater.flow.InteractionKt$Start$1$4.invoke(interaction.kt)
	at furhatos.flow.kotlin.InstantRunner.run(InstantRunner.kt:22)
	at furhatos.flow.kotlin.FlowControlRunner.runExitTrigger(FlowControlRunner.kt:118)
	at furhatos.flow.kotlin.FlowControlRunner.goto(FlowControlRunner.kt:106)
	at furhatos.app.actor_theater.flow.InteractionKt$Start$1$4.invoke(interaction.kt:40)
	at furhatos.app.actor_theater.flow.InteractionKt$Start$1$4.invoke(interaction.kt)
	at furhatos.flow.kotlin.InstantRunner.run(InstantRunner.kt:22)
	at furhatos.flow.kotlin.FlowControlRunner.runExitTrigger(FlowControlRunner.kt:118)
	at furhatos.flow.kotlin.FlowControlRunner.goto(FlowControlRunner.kt:106)
	at furhatos.app.actor_theater.flow.InteractionKt$Start$1$4.invoke(interaction.kt:40)
	at furhatos.app.actor_theater.flow.InteractionKt$Start$1$4.invoke(interaction.kt)
	at furhatos.flow.kotlin.InstantRunner.run(InstantRunner.kt:22)
	at furhatos.flow.kotlin.FlowControlRunner.runExitTrigger(FlowControlRunner.kt:118)
	at furhatos.flow.kotlin.FlowControlRunner.goto(FlowControlRunner.kt:106)
	at furhatos.app.actor_theater.flow.InteractionKt$Start$1$4.invoke(interaction.kt:40)
	at furhatos.app.actor_theater.flow.InteractionKt$Start$1$4.invoke(interaction.kt)
	at furhatos.flow.kotlin.InstantRunner.run(InstantRunner.kt:22)
	at furhatos.flow.kotlin.FlowControlRunner.runExitTrigger(FlowControlRunner.kt:118)
	at furhatos.flow.kotlin.FlowControlRunner.goto(FlowControlRunner.kt:106)
	at furhatos.app.actor_theater.flow.InteractionKt$Start$1$4.invoke(interaction.kt:40)
	at furhatos.app.actor_theater.flow.InteractionKt$Start$1$4.invoke(interaction.kt)
	at furhatos.flow.kotlin.InstantRunner.run(InstantRunner.kt:22)
	at furhatos.flow.kotlin.FlowControlRunner.runExitTrigger(FlowControlRunner.kt:118)
	at furhatos.flow.kotlin.FlowControlRunner.goto(FlowControlRunner.kt:106)
	at furhatos.app.actor_theater.flow.InteractionKt$Start$1$4.invoke(interaction.kt:40)
	at furhatos.app.actor_theater.flow.InteractionKt$Start$1$4.invoke(interaction.kt)
	at furhatos.flow.kotlin.InstantRunner.run(InstantRunner.kt:22)
	at furhatos.flow.kotlin.FlowControlRunner.runExitTrigger(FlowControlRunner.kt:118)
	at furhatos.flow.kotlin.FlowControlRunner.goto(FlowControlRunner.kt:106)
	at furhatos.app.actor_theater.flow.InteractionKt$Start$1$4.invoke(interaction.kt:40)
	at furhatos.app.actor_theater.flow.InteractionKt$Start$1$4.invoke(interaction.kt)
	at furhatos.flow.kotlin.InstantRunner.run(InstantRunner.kt:22)

